Initializing daemon...
Kubo version: 0.16.0
Repo version: 12
System version: amd64/darwin
Golang version: go1.19.1
Swarm listening on /ip4/127.0.0.1/tcp/4001
Swarm listening on /ip4/127.0.0.1/udp/4001/quic
Swarm listening on /ip4/172.20.10.9/tcp/4001
Swarm listening on /ip4/172.20.10.9/udp/4001/quic
Swarm listening on /ip6/::1/tcp/4001
Swarm listening on /ip6/::1/udp/4001/quic
Swarm listening on /p2p-circuit
Swarm announcing /ip4/127.0.0.1/tcp/4001
Swarm announcing /ip4/127.0.0.1/udp/4001/quic
Swarm announcing /ip4/172.20.10.9/tcp/4001
Swarm announcing /ip4/172.20.10.9/udp/4001/quic
Swarm announcing /ip6/::1/tcp/4001
Swarm announcing /ip6/::1/udp/4001/quic
API server listening on /ip4/127.0.0.1/tcp/5001
WebUI: http://127.0.0.1:5001/webui
Gateway (readonly) server listening on /ip4/127.0.0.1/tcp/8080
Daemon is ready
2023-01-04T19:19:20.220+0900	ERROR	bitswap	providerquerymanager/providerquerymanager.go:344	Received provider (12D3KooWC6XyaHvyQuy6Vb3v2miwNfwDxvxvLvHLX7phYc2ryhCD) for cid (QmcYEv5XcGcEE2wsgXY1mEHghB6Y4ui2Sb9oJx8iG9oM6o) not requested
Initializing daemon...
Kubo version: 0.16.0
Repo version: 12
System version: arm64/darwin
Golang version: go1.19.1
Swarm listening on /ip4/127.0.0.1/tcp/4001
Swarm listening on /ip4/127.0.0.1/udp/4001/quic
Swarm listening on /ip4/192.168.8.100/tcp/4001
Swarm listening on /ip4/192.168.8.100/udp/4001/quic
Swarm listening on /ip6/::1/tcp/4001
Swarm listening on /ip6/::1/udp/4001/quic
Swarm listening on /p2p-circuit
Swarm announcing /ip4/127.0.0.1/tcp/4001
Swarm announcing /ip4/127.0.0.1/udp/4001/quic
Swarm announcing /ip4/192.168.8.100/tcp/4001
Swarm announcing /ip4/192.168.8.100/udp/4001/quic
Swarm announcing /ip4/223.62.178.55/udp/4001/quic
Swarm announcing /ip6/::1/tcp/4001
Swarm announcing /ip6/::1/udp/4001/quic
API server listening on /ip4/127.0.0.1/tcp/5001
WebUI: http://127.0.0.1:5001/webui
Gateway (readonly) server listening on /ip4/127.0.0.1/tcp/8080
Daemon is ready

Received interrupt signal, shutting down...
(Hit ctrl-c again to force-shutdown the daemon.)
Initializing daemon...
Kubo version: 0.16.0
Repo version: 12
System version: arm64/darwin
Golang version: go1.19.1
Swarm listening on /ip4/127.0.0.1/tcp/4001
Swarm listening on /ip4/127.0.0.1/udp/4001/quic
Swarm listening on /ip4/192.168.8.100/tcp/4001
Swarm listening on /ip4/192.168.8.100/udp/4001/quic
Swarm listening on /ip6/::1/tcp/4001
Swarm listening on /ip6/::1/udp/4001/quic
Swarm listening on /p2p-circuit
Swarm announcing /ip4/127.0.0.1/tcp/4001
Swarm announcing /ip4/127.0.0.1/udp/4001/quic
Swarm announcing /ip4/192.168.8.100/tcp/4001
Swarm announcing /ip4/192.168.8.100/udp/4001/quic
Swarm announcing /ip6/::1/tcp/4001
Swarm announcing /ip6/::1/udp/4001/quic
API server listening on /ip4/127.0.0.1/tcp/5001
WebUI: http://127.0.0.1:5001/webui
Gateway (readonly) server listening on /ip4/127.0.0.1/tcp/8080
Daemon is ready
Initializing daemon...
Kubo version: 0.16.0
Repo version: 12
System version: arm64/darwin
Golang version: go1.19.1

Received another interrupt before graceful shutdown, terminating...
Initializing daemon...
Kubo version: 0.16.0
Repo version: 12
System version: arm64/darwin
Golang version: go1.19.1
Swarm listening on /ip4/127.0.0.1/tcp/4001
Swarm listening on /ip4/127.0.0.1/udp/4001/quic
Swarm listening on /ip4/172.20.10.9/tcp/4001
Swarm listening on /ip4/172.20.10.9/udp/4001/quic
Swarm listening on /ip6/::1/tcp/4001
Swarm listening on /ip6/::1/udp/4001/quic
Swarm listening on /p2p-circuit
Swarm announcing /ip4/127.0.0.1/tcp/4001
Swarm announcing /ip4/127.0.0.1/udp/4001/quic
Swarm announcing /ip4/172.20.10.9/tcp/4001
Swarm announcing /ip4/172.20.10.9/udp/4001/quic
Swarm announcing /ip6/::1/tcp/4001
Swarm announcing /ip6/::1/udp/4001/quic
API server listening on /ip4/127.0.0.1/tcp/5001
WebUI: http://127.0.0.1:5001/webui
Gateway (readonly) server listening on /ip4/127.0.0.1/tcp/8080
Daemon is ready
2023-01-07T19:56:47.206+0900	ERROR	autorelay	autorelay/autorelay.go:80	failed to start relay finder	{"error": "relayFinder already running"}
2023-01-07T19:57:04.876+0900	ERROR	autorelay	autorelay/autorelay.go:80	failed to start relay finder	{"error": "relayFinder already running"}
2023-01-07T20:28:12.236+0900	ERROR	autorelay	autorelay/autorelay.go:80	failed to start relay finder	{"error": "relayFinder already running"}
2023-01-07T20:28:29.714+0900	ERROR	autorelay	autorelay/autorelay.go:80	failed to start relay finder	{"error": "relayFinder already running"}
2023-01-08T14:42:08.485+0900	ERROR	autorelay	autorelay/autorelay.go:80	failed to start relay finder	{"error": "relayFinder already running"}
2023-01-08T14:42:26.140+0900	ERROR	autorelay	autorelay/autorelay.go:80	failed to start relay finder	{"error": "relayFinder already running"}
2023-01-08T15:44:55.561+0900	ERROR	autorelay	autorelay/autorelay.go:80	failed to start relay finder	{"error": "relayFinder already running"}
2023-01-08T15:45:23.426+0900	ERROR	autorelay	autorelay/autorelay.go:80	failed to start relay finder	{"error": "relayFinder already running"}
2023-01-08T19:51:33.720+0900	ERROR	tcp-tpt	tcp/tcp.go:58	failed set keepalive period	{"error": "set tcp6 [::1]:4001->[::1]:61279: setsockopt: invalid argument"}
2023-01-10T10:47:49.881+0900	ERROR	autorelay	autorelay/autorelay.go:80	failed to start relay finder	{"error": "relayFinder already running"}
2023-01-10T18:44:57.419+0900	ERROR	autorelay	autorelay/autorelay.go:80	failed to start relay finder	{"error": "relayFinder already running"}
Watching for file changes with StatReloader
System check identified some issues:

WARNINGS:
main.Highlight.scrolls: (fields.W340) null has no effect on ManyToManyField.
main.Scrolls.audios: (fields.W340) null has no effect on ManyToManyField.

System check identified 2 issues (0 silenced).
[21/May/2023 07:04:53] "GET /admin/main/scrolls/ HTTP/1.1" 302 0
[21/May/2023 07:04:53] "GET /admin/login/?next=/admin/main/scrolls/ HTTP/1.1" 200 2244
[21/May/2023 07:04:53] "GET /static/admin/css/login.css HTTP/1.1" 200 958
[21/May/2023 07:05:04] "POST /admin/login/?next=/admin/main/scrolls/ HTTP/1.1" 200 2415
[21/May/2023 07:05:10] "POST /admin/login/?next=/admin/main/scrolls/ HTTP/1.1" 200 2415
Watching for file changes with StatReloader
System check identified some issues:

WARNINGS:
main.Highlight.scrolls: (fields.W340) null has no effect on ManyToManyField.
main.Scrolls.audios: (fields.W340) null has no effect on ManyToManyField.

System check identified 2 issues (0 silenced).
Error: That port is already in use.
running ipfs add directly
[21/May/2023 07:06:33] "POST /admin/login/?next=/admin/main/scrolls/ HTTP/1.1" 302 0
[21/May/2023 07:06:33] "GET /admin/main/scrolls/ HTTP/1.1" 200 8936
[21/May/2023 07:06:34] "GET /admin/jsi18n/ HTTP/1.1" 200 3343
[21/May/2023 07:06:34] "GET /static/admin/js/vendor/jquery/jquery.js HTTP/1.1" 200 288580
[21/May/2023 07:06:34] "GET /static/admin/js/vendor/xregexp/xregexp.js HTTP/1.1" 200 232381
[21/May/2023 07:06:36] "GET /admin/main/scrolls/ HTTP/1.1" 200 8936
[21/May/2023 07:06:36] "GET /admin/jsi18n/ HTTP/1.1" 200 3343
[21/May/2023 07:06:42] "POST /admin/main/scrolls/ HTTP/1.1" 302 0
[21/May/2023 07:06:42] "GET /admin/main/scrolls/ HTTP/1.1" 200 9129
[21/May/2023 07:06:42] "GET /admin/jsi18n/ HTTP/1.1" 200 3343
[21/May/2023 07:06:47] "POST /admin/main/scrolls/ HTTP/1.1" 200 9056
[21/May/2023 07:06:47] "GET /static/admin/js/cancel.js HTTP/1.1" 200 884
[21/May/2023 07:06:48] "GET /admin/main/remix/ HTTP/1.1" 200 8924
[21/May/2023 07:06:48] "GET /admin/jsi18n/ HTTP/1.1" 200 3343
[21/May/2023 07:06:53] "POST /admin/main/remix/ HTTP/1.1" 200 8065
[21/May/2023 07:06:55] "POST /admin/main/remix/ HTTP/1.1" 302 0
[21/May/2023 07:06:55] "GET /admin/main/remix/ HTTP/1.1" 200 7485
[21/May/2023 07:06:55] "GET /admin/jsi18n/ HTTP/1.1" 200 3343
[21/May/2023 07:06:57] "GET /admin/main/videomedia/ HTTP/1.1" 200 21294
[21/May/2023 07:06:57] "GET /admin/jsi18n/ HTTP/1.1" 200 3343
[21/May/2023 07:08:53] "GET /scrolls/browse HTTP/1.1" 301 0
Internal Server Error: /scrolls/browse/
Traceback (most recent call last):
  File "/root/anaconda3/envs/mockingJae/lib/python3.10/site-packages/django/core/handlers/exception.py", line 55, in inner
    response = get_response(request)
  File "/root/anaconda3/envs/mockingJae/lib/python3.10/site-packages/django/core/handlers/base.py", line 197, in _get_response
    response = wrapped_callback(request, *callback_args, **callback_kwargs)
  File "/root/anaconda3/envs/mockingJae/lib/python3.10/site-packages/django/views/decorators/csrf.py", line 54, in wrapped_view
    return view_func(*args, **kwargs)
  File "/root/anaconda3/envs/mockingJae/lib/python3.10/site-packages/django/views/generic/base.py", line 103, in view
    return self.dispatch(request, *args, **kwargs)
  File "/root/anaconda3/envs/mockingJae/lib/python3.10/site-packages/rest_framework/views.py", line 509, in dispatch
    response = self.handle_exception(exc)
  File "/root/anaconda3/envs/mockingJae/lib/python3.10/site-packages/rest_framework/views.py", line 469, in handle_exception
    self.raise_uncaught_exception(exc)
  File "/root/anaconda3/envs/mockingJae/lib/python3.10/site-packages/rest_framework/views.py", line 480, in raise_uncaught_exception
    raise exc
  File "/root/anaconda3/envs/mockingJae/lib/python3.10/site-packages/rest_framework/views.py", line 506, in dispatch
    response = handler(request, *args, **kwargs)
  File "/root/anaconda3/envs/mockingJae/lib/python3.10/site-packages/rest_framework/decorators.py", line 50, in handler
    return func(*args, **kwargs)
  File "/root/mockingJae2.0_back/main/views.py", line 20, in random_scrolls
    return browse_scrolls.get_random_scrolls(request)
  File "/root/mockingJae2.0_back/main/Views/browse_scrolls.py", line 76, in get_random_scrolls
    return Response(result.data, status=status.HTTP_200_OK)
  File "/root/anaconda3/envs/mockingJae/lib/python3.10/site-packages/rest_framework/serializers.py", line 555, in data
    ret = super().data
  File "/root/anaconda3/envs/mockingJae/lib/python3.10/site-packages/rest_framework/serializers.py", line 253, in data
    self._data = self.to_representation(self.instance)
  File "/root/anaconda3/envs/mockingJae/lib/python3.10/site-packages/rest_framework/serializers.py", line 522, in to_representation
    ret[field.field_name] = field.to_representation(attribute)
  File "/root/anaconda3/envs/mockingJae/lib/python3.10/site-packages/rest_framework/serializers.py", line 522, in to_representation
    ret[field.field_name] = field.to_representation(attribute)
  File "/root/anaconda3/envs/mockingJae/lib/python3.10/site-packages/rest_framework/fields.py", line 1517, in to_representation
    url = value.url
  File "/root/anaconda3/envs/mockingJae/lib/python3.10/site-packages/django/db/models/fields/files.py", line 66, in url
    return self.storage.url(self.name)
  File "/root/anaconda3/envs/mockingJae/lib/python3.10/site-packages/storages/backends/s3boto3.py", line 586, in url
    params['Bucket'] = self.bucket.name
  File "/root/anaconda3/envs/mockingJae/lib/python3.10/site-packages/storages/backends/s3boto3.py", line 389, in bucket
    self._bucket = self.connection.Bucket(self.bucket_name)
  File "/root/anaconda3/envs/mockingJae/lib/python3.10/site-packages/boto3/resources/factory.py", line 527, in create_resource
    return partial(
  File "/root/anaconda3/envs/mockingJae/lib/python3.10/site-packages/boto3/resources/base.py", line 125, in __init__
    raise ValueError(f'Required parameter {identifier} not set')
ValueError: Required parameter name not set
[21/May/2023 07:08:53] "GET /scrolls/browse/ HTTP/1.1" 500 156182
Bad Request: /scrolls/upload/video
[21/May/2023 07:09:10] "POST /scrolls/upload/video HTTP/1.1" 400 30
Python-dotenv could not parse statement starting at line 9
Python-dotenv could not parse statement starting at line 11
/root/anaconda3/envs/mockingJae/lib/python3.10/site-packages/celery/platforms.py:840: SecurityWarning: You're running the worker with superuser privileges: this is
absolutely not recommended!

Please specify a different user using the --uid option.

User information: uid=0 euid=0 gid=0 egid=0

  warnings.warn(SecurityWarning(ROOT_DISCOURAGED.format(
running ipfs add directly
 
 -------------- celery@mockingjae v5.2.7 (dawn-chorus)
--- ***** ----- 
-- ******* ---- Linux-5.4.0-99-generic-x86_64-with-glibc2.31 2023-05-21 10:18:54
- *** --- * --- 
- ** ---------- [config]
- ** ---------- .> app:         mockingJae_back:0x7fcf271fd090
- ** ---------- .> transport:   redis://localhost:6379//
- ** ---------- .> results:     rpc://
- *** --- * --- .> concurrency: 2 (prefork)
-- ******* ---- .> task events: OFF (enable -E to monitor tasks in this worker)
--- ***** ----- 
 -------------- [queues]
                .> celery           exchange=celery(direct) key=celery
                

[tasks]
  . main.tasks.convert
  . main.tasks.remix_to_video
  . main.tasks.scrollify
  . main.tasks.upload_to_ipfs
  . main.tasks.upload_to_ipfs_as_a_directory

[2023-05-21 10:18:54,864: INFO/MainProcess] Connected to redis://localhost:6379//
[2023-05-21 10:18:54,868: INFO/MainProcess] mingle: searching for neighbors
[2023-05-21 10:18:55,875: INFO/MainProcess] mingle: all alone
[2023-05-21 10:18:55,883: WARNING/MainProcess] /root/anaconda3/envs/mockingJae/lib/python3.10/site-packages/celery/fixups/django.py:203: UserWarning: Using settings.DEBUG leads to a memory
            leak, never use this setting in production environments!
  warnings.warn('''Using settings.DEBUG leads to a memory

[2023-05-21 10:18:55,883: INFO/MainProcess] celery@mockingjae ready.
Python-dotenv could not parse statement starting at line 9
Python-dotenv could not parse statement starting at line 11
Python-dotenv could not parse statement starting at line 9
Python-dotenv could not parse statement starting at line 11
Watching for file changes with StatReloader
System check identified some issues:

WARNINGS:
main.Highlight.scrolls: (fields.W340) null has no effect on ManyToManyField.
main.Scrolls.audios: (fields.W340) null has no effect on ManyToManyField.

System check identified 2 issues (0 silenced).
[21/May/2023 10:19:31] "GET /scrolls/browse HTTP/1.1" 301 0
[21/May/2023 10:19:32] "GET /scrolls/browse/ HTTP/1.1" 200 671
[21/May/2023 10:19:32] "GET /scrolls/browse HTTP/1.1" 301 0
[21/May/2023 10:19:32] "GET /scrolls/browse/ HTTP/1.1" 200 671
[21/May/2023 10:19:33] "GET /scrolls/browse HTTP/1.1" 301 0
[21/May/2023 10:19:33] "GET /scrolls/browse/ HTTP/1.1" 200 673
[21/May/2023 10:19:33] "GET /scrolls/browse HTTP/1.1" 301 0
[21/May/2023 10:19:33] "GET /scrolls/browse/ HTTP/1.1" 200 677
[21/May/2023 10:19:34] "GET /scrolls/browse HTTP/1.1" 301 0
[21/May/2023 10:19:34] "GET /scrolls/browse/ HTTP/1.1" 200 667
[21/May/2023 10:19:34] "GET /scrolls/browse HTTP/1.1" 301 0
[21/May/2023 10:19:34] "GET /scrolls/browse/ HTTP/1.1" 200 669
[21/May/2023 10:19:35] "GET /scrolls/browse HTTP/1.1" 301 0
[21/May/2023 10:19:35] "GET /scrolls/browse/ HTTP/1.1" 200 673
[21/May/2023 10:19:35] "GET /scrolls/browse HTTP/1.1" 301 0
[21/May/2023 10:19:36] "GET /scrolls/browse/ HTTP/1.1" 200 669
[21/May/2023 10:19:36] "GET /scrolls/browse HTTP/1.1" 301 0
[21/May/2023 10:19:36] "GET /scrolls/browse/ HTTP/1.1" 200 671
[21/May/2023 10:19:36] "GET /scrolls/browse HTTP/1.1" 301 0
[21/May/2023 10:19:37] "GET /scrolls/browse/ HTTP/1.1" 200 671
[2023-05-21 10:19:48,696: INFO/MainProcess] Task main.tasks.remix_to_video[2662de5a-7de3-4b87-8e73-62800d30ea3f] received
[21/May/2023 10:19:48] "POST /scrolls/auto-recording/upload HTTP/1.1" 200 87
[2023-05-21 10:19:52,564: WARNING/ForkPoolWorker-2] /root/mockingJae2.0_back/media/auto_recordings/27/4372970.mp4
[2023-05-21 10:19:55,490: INFO/ForkPoolWorker-2] Task main.tasks.remix_to_video[2662de5a-7de3-4b87-8e73-62800d30ea3f] succeeded in 6.793576642870903s: '4372970.mp4'
Bad Request: /scrolls/auto-recording/upload
[21/May/2023 10:20:16] "POST /scrolls/auto-recording/upload HTTP/1.1" 400 30
[2023-05-21 10:20:23,353: INFO/MainProcess] Task main.tasks.remix_to_video[6f18c13b-8f5b-4b50-81c3-2aeaaa827e6e] received
[21/May/2023 10:20:23] "POST /scrolls/auto-recording/upload HTTP/1.1" 200 87
[2023-05-21 10:20:28,081: WARNING/ForkPoolWorker-2] /root/mockingJae2.0_back/media/auto_recordings/24/35203772.mp4
[2023-05-21 10:20:30,361: INFO/ForkPoolWorker-2] Task main.tasks.remix_to_video[6f18c13b-8f5b-4b50-81c3-2aeaaa827e6e] succeeded in 7.00717057287693s: '35203772.mp4'
[2023-05-21 10:21:12,089: INFO/MainProcess] Task main.tasks.convert[e42915eb-cea9-408c-9be0-0840e53f2572] received
[21/May/2023 10:21:12] "POST /scrolls/upload/video HTTP/1.1" 200 50
[21/May/2023 10:21:13] "POST /scrolls/upload/task HTTP/1.1" 200 14
[2023-05-21 10:21:13,285: INFO/ForkPoolWorker-2] Task main.tasks.convert[e42915eb-cea9-408c-9be0-0840e53f2572] succeeded in 1.1952381897717714s: '36'
[21/May/2023 10:21:14] "POST /scrolls/upload/task HTTP/1.1" 200 14
[2023-05-21 10:21:14,653: INFO/MainProcess] Task main.tasks.scrollify[bc30c56a-733b-4036-b3d2-b369b25d8da2] received
[21/May/2023 10:21:14] "POST /scrolls/upload/scrollify HTTP/1.1" 200 115
[2023-05-21 10:21:14,876: INFO/ForkPoolWorker-2] Task main.tasks.scrollify[bc30c56a-733b-4036-b3d2-b369b25d8da2] succeeded in 0.22257868386805058s: '/root/mockingJae2.0_back/media/scrolls/20230521/1007336568/'
[21/May/2023 10:21:15] "POST /scrolls/upload/task HTTP/1.1" 200 14
[21/May/2023 10:21:20] "POST /scrolls/upload/post HTTP/1.1" 200 238
[21/May/2023 10:21:28] "GET /scrolls/browse HTTP/1.1" 301 0
[21/May/2023 10:21:28] "GET /scrolls/browse/ HTTP/1.1" 200 690
[21/May/2023 10:21:28] "GET /scrolls/browse HTTP/1.1" 301 0
[21/May/2023 10:21:29] "GET /scrolls/browse/ HTTP/1.1" 200 684
[21/May/2023 10:21:29] "GET /scrolls/browse HTTP/1.1" 301 0
[21/May/2023 10:21:29] "GET /scrolls/browse/ HTTP/1.1" 200 690
[21/May/2023 10:21:30] "GET /scrolls/browse HTTP/1.1" 301 0
[21/May/2023 10:21:30] "GET /scrolls/browse/ HTTP/1.1" 200 689
[21/May/2023 10:21:30] "GET /scrolls/browse HTTP/1.1" 301 0
[21/May/2023 10:21:30] "GET /scrolls/browse/ HTTP/1.1" 200 688
[21/May/2023 10:21:31] "GET /scrolls/browse HTTP/1.1" 301 0
[21/May/2023 10:21:31] "GET /scrolls/browse/ HTTP/1.1" 200 684
[21/May/2023 10:21:31] "GET /scrolls/browse HTTP/1.1" 301 0
[21/May/2023 10:21:31] "GET /scrolls/browse/ HTTP/1.1" 200 687
[21/May/2023 10:21:32] "GET /scrolls/browse HTTP/1.1" 301 0
[21/May/2023 10:21:32] "GET /scrolls/browse/ HTTP/1.1" 200 686
[21/May/2023 10:21:32] "GET /scrolls/browse HTTP/1.1" 301 0
[21/May/2023 10:21:33] "GET /scrolls/browse/ HTTP/1.1" 200 684
[21/May/2023 10:21:33] "GET /scrolls/browse HTTP/1.1" 301 0
[21/May/2023 10:21:33] "GET /scrolls/browse/ HTTP/1.1" 200 686
[2023-05-21 10:21:50,894: INFO/MainProcess] Task main.tasks.remix_to_video[58fd4d27-b015-497b-bc45-0462b3d320df] received
[21/May/2023 10:21:50] "POST /scrolls/auto-recording/upload HTTP/1.1" 200 87
[2023-05-21 10:21:54,285: WARNING/ForkPoolWorker-2] /root/mockingJae2.0_back/media/auto_recordings/25/242913045.mp4
[2023-05-21 10:21:58,769: INFO/ForkPoolWorker-2] Task main.tasks.remix_to_video[58fd4d27-b015-497b-bc45-0462b3d320df] succeeded in 7.873479692265391s: '242913045.mp4'
[2023-05-21 10:22:00,264: INFO/MainProcess] Task main.tasks.remix_to_video[d62090a3-233f-4ef5-b6ae-3a37a3e0d357] received
[21/May/2023 10:22:00] "POST /scrolls/auto-recording/upload HTTP/1.1" 200 87
[2023-05-21 10:22:04,242: WARNING/ForkPoolWorker-2] /root/mockingJae2.0_back/media/auto_recordings/25/35008518.mp4
[2023-05-21 10:22:07,209: INFO/ForkPoolWorker-2] Task main.tasks.remix_to_video[d62090a3-233f-4ef5-b6ae-3a37a3e0d357] succeeded in 6.94442455843091s: '35008518.mp4'
[2023-05-21 10:22:09,468: INFO/MainProcess] Task main.tasks.remix_to_video[d4b80272-70f8-4faf-b182-1c8f6fa6b324] received
[21/May/2023 10:22:09] "POST /scrolls/auto-recording/upload HTTP/1.1" 200 87
[2023-05-21 10:22:12,853: WARNING/ForkPoolWorker-2] /root/mockingJae2.0_back/media/auto_recordings/29/164325196.mp4
[21/May/2023 10:22:13] "POST /scrolls/auto-recording/upload HTTP/1.1" 200 87
[2023-05-21 10:22:13,146: INFO/MainProcess] Task main.tasks.remix_to_video[987c4954-090f-41fb-b8cb-138b3626d939] received
[2023-05-21 10:22:14,484: ERROR/ForkPoolWorker-1] Task main.tasks.remix_to_video[987c4954-090f-41fb-b8cb-138b3626d939] raised unexpected: FileNotFoundError(2, 'No such file or directory')
Traceback (most recent call last):
  File "/root/anaconda3/envs/mockingJae/lib/python3.10/site-packages/celery/app/trace.py", line 451, in trace_task
    R = retval = fun(*args, **kwargs)
  File "/root/anaconda3/envs/mockingJae/lib/python3.10/site-packages/celery/app/trace.py", line 734, in __protected_call__
    return self.run(*args, **kwargs)
  File "/root/mockingJae2.0_back/main/tasks.py", line 85, in remix_to_video
    files = download_files_from_s3(settings.s3_client, os.environ.get('AWS_STORAGE_BUCKET_NAME'), scrolls_dir, settings.TEMP_ROOT)
  File "/root/mockingJae2.0_back/mockingJae_back/storages.py", line 33, in download_files_from_s3
    client.download_file(bucket_name, file_path, local_file)
  File "/root/anaconda3/envs/mockingJae/lib/python3.10/site-packages/boto3/s3/inject.py", line 190, in download_file
    return transfer.download_file(
  File "/root/anaconda3/envs/mockingJae/lib/python3.10/site-packages/boto3/s3/transfer.py", line 326, in download_file
    future.result()
  File "/root/anaconda3/envs/mockingJae/lib/python3.10/site-packages/s3transfer/futures.py", line 103, in result
    return self._coordinator.result()
  File "/root/anaconda3/envs/mockingJae/lib/python3.10/site-packages/s3transfer/futures.py", line 266, in result
    raise self._exception
  File "/root/anaconda3/envs/mockingJae/lib/python3.10/site-packages/s3transfer/tasks.py", line 139, in __call__
    return self._execute_main(kwargs)
  File "/root/anaconda3/envs/mockingJae/lib/python3.10/site-packages/s3transfer/tasks.py", line 162, in _execute_main
    return_value = self._main(**kwargs)
  File "/root/anaconda3/envs/mockingJae/lib/python3.10/site-packages/s3transfer/download.py", line 642, in _main
    fileobj.seek(offset)
  File "/root/anaconda3/envs/mockingJae/lib/python3.10/site-packages/s3transfer/utils.py", line 378, in seek
    self._open_if_needed()
  File "/root/anaconda3/envs/mockingJae/lib/python3.10/site-packages/s3transfer/utils.py", line 361, in _open_if_needed
    self._fileobj = self._open_function(self._filename, self._mode)
  File "/root/anaconda3/envs/mockingJae/lib/python3.10/site-packages/s3transfer/utils.py", line 272, in open
    return open(filename, mode)
FileNotFoundError: [Errno 2] No such file or directory: '/root/mockingJae2.0_back/temp/raw-scrolls/1007336568/36.jpeg.75d09AA8'
[2023-05-21 10:22:14,697: INFO/ForkPoolWorker-2] Task main.tasks.remix_to_video[d4b80272-70f8-4faf-b182-1c8f6fa6b324] succeeded in 5.228497615084052s: '164325196.mp4'
[21/May/2023 10:22:14] "GET /scrolls/browse HTTP/1.1" 301 0
[21/May/2023 10:22:15] "GET /scrolls/browse/ HTTP/1.1" 200 688
[21/May/2023 10:22:15] "GET /scrolls/browse HTTP/1.1" 301 0
[21/May/2023 10:22:15] "GET /scrolls/browse/ HTTP/1.1" 200 690
[21/May/2023 10:22:15] "GET /scrolls/browse HTTP/1.1" 301 0
[21/May/2023 10:22:16] "GET /scrolls/browse/ HTTP/1.1" 200 684
[21/May/2023 10:22:16] "GET /scrolls/browse HTTP/1.1" 301 0
[21/May/2023 10:22:16] "GET /scrolls/browse/ HTTP/1.1" 200 685
[21/May/2023 10:22:17] "GET /scrolls/browse HTTP/1.1" 301 0
[21/May/2023 10:22:17] "GET /scrolls/browse/ HTTP/1.1" 200 684
[21/May/2023 10:22:17] "GET /scrolls/browse HTTP/1.1" 301 0
[21/May/2023 10:22:17] "GET /scrolls/browse/ HTTP/1.1" 200 682
[21/May/2023 10:22:18] "GET /scrolls/browse HTTP/1.1" 301 0
[21/May/2023 10:22:18] "GET /scrolls/browse/ HTTP/1.1" 200 682
[21/May/2023 10:22:18] "GET /scrolls/browse HTTP/1.1" 301 0
[21/May/2023 10:22:18] "GET /scrolls/browse/ HTTP/1.1" 200 682
[21/May/2023 10:22:19] "GET /scrolls/browse HTTP/1.1" 301 0
[21/May/2023 10:22:19] "GET /scrolls/browse/ HTTP/1.1" 200 686
[21/May/2023 10:22:19] "GET /scrolls/browse HTTP/1.1" 301 0
[21/May/2023 10:22:20] "GET /scrolls/browse/ HTTP/1.1" 200 688
[2023-05-21 10:22:21,592: INFO/MainProcess] Task main.tasks.remix_to_video[d87377d2-f5f6-4aab-b983-dcfa1e36eed1] received
[21/May/2023 10:22:21] "POST /scrolls/auto-recording/upload HTTP/1.1" 200 87
[2023-05-21 10:22:24,198: WARNING/ForkPoolWorker-2] /root/mockingJae2.0_back/media/auto_recordings/29/684076673.mp4
[2023-05-21 10:22:25,570: INFO/ForkPoolWorker-2] Task main.tasks.remix_to_video[d87377d2-f5f6-4aab-b983-dcfa1e36eed1] succeeded in 3.9768881238996983s: '684076673.mp4'
[2023-05-21 10:22:26,329: INFO/MainProcess] Task main.tasks.remix_to_video[bddc1eb0-5234-4d8c-a50f-bbd39f933be7] received
[21/May/2023 10:22:26] "POST /scrolls/auto-recording/upload HTTP/1.1" 200 87
[2023-05-21 10:22:29,362: WARNING/ForkPoolWorker-2] /root/mockingJae2.0_back/media/auto_recordings/28/990946625.mp4
[2023-05-21 10:22:30,275: INFO/ForkPoolWorker-2] Task main.tasks.remix_to_video[bddc1eb0-5234-4d8c-a50f-bbd39f933be7] succeeded in 3.9451162554323673s: '990946625.mp4'
Bad Request: /scrolls/auto-recording/upload
[21/May/2023 10:22:47] "POST /scrolls/auto-recording/upload HTTP/1.1" 400 30
[21/May/2023 10:22:54] "POST /scrolls/auto-recording/upload HTTP/1.1" 200 87
[2023-05-21 10:22:54,631: INFO/MainProcess] Task main.tasks.remix_to_video[1ea76204-71a3-4c86-b5a0-81c3c311fb53] received
[21/May/2023 10:22:56] "POST /scrolls/auto-recording/upload HTTP/1.1" 200 87
[2023-05-21 10:22:56,559: INFO/MainProcess] Task main.tasks.remix_to_video[e8fa40ef-bf44-4d1e-a910-218a9c95a477] received
[2023-05-21 10:22:58,628: WARNING/ForkPoolWorker-2] /root/mockingJae2.0_back/media/auto_recordings/27/873319724.mp4
[21/May/2023 10:22:59] "POST /scrolls/auto-recording/upload HTTP/1.1" 200 87
[2023-05-21 10:22:59,561: INFO/MainProcess] Task main.tasks.remix_to_video[1d516c2b-d16e-489a-a189-85a64cae6773] received
[2023-05-21 10:23:00,461: WARNING/ForkPoolWorker-1] /root/mockingJae2.0_back/media/auto_recordings/24/754538168.mp4
[2023-05-21 10:23:01,850: INFO/ForkPoolWorker-2] Task main.tasks.remix_to_video[1ea76204-71a3-4c86-b5a0-81c3c311fb53] succeeded in 7.2178907208144665s: '873319724.mp4'
[2023-05-21 10:23:02,144: INFO/ForkPoolWorker-1] Task main.tasks.remix_to_video[e8fa40ef-bf44-4d1e-a910-218a9c95a477] succeeded in 5.583824722096324s: '754538168.mp4'
[2023-05-21 10:23:06,193: WARNING/ForkPoolWorker-2] /root/mockingJae2.0_back/media/auto_recordings/26/720416342.mp4
[2023-05-21 10:23:06,966: INFO/ForkPoolWorker-2] Task main.tasks.remix_to_video[1d516c2b-d16e-489a-a189-85a64cae6773] succeeded in 5.114859880879521s: '720416342.mp4'
[21/May/2023 10:36:10] "POST /scrolls/auth/login/token HTTP/1.1" 200 235
[21/May/2023 10:36:11] "GET /scrolls/browse HTTP/1.1" 301 0
[21/May/2023 10:36:11] "GET /scrolls/browse/ HTTP/1.1" 200 686
[21/May/2023 10:36:11] "GET /scrolls/browse HTTP/1.1" 301 0
[21/May/2023 10:36:11] "GET /scrolls/browse/ HTTP/1.1" 200 686
[21/May/2023 10:36:12] "GET /scrolls/browse HTTP/1.1" 301 0
[21/May/2023 10:36:12] "GET /scrolls/browse/ HTTP/1.1" 200 690
[21/May/2023 10:36:12] "GET /scrolls/browse HTTP/1.1" 301 0
[21/May/2023 10:36:12] "GET /scrolls/browse/ HTTP/1.1" 200 686
[21/May/2023 10:36:13] "GET /scrolls/browse HTTP/1.1" 301 0
[21/May/2023 10:36:13] "GET /scrolls/browse/ HTTP/1.1" 200 686
[21/May/2023 10:36:13] "GET /scrolls/browse HTTP/1.1" 301 0
[21/May/2023 10:36:13] "GET /scrolls/browse/ HTTP/1.1" 200 684
[21/May/2023 10:36:14] "GET /scrolls/browse HTTP/1.1" 301 0
[21/May/2023 10:36:14] "GET /scrolls/browse/ HTTP/1.1" 200 682
[21/May/2023 10:36:14] "GET /scrolls/browse HTTP/1.1" 301 0
[21/May/2023 10:36:15] "GET /scrolls/browse/ HTTP/1.1" 200 684
[21/May/2023 10:36:15] "GET /scrolls/browse HTTP/1.1" 301 0
[21/May/2023 10:36:15] "GET /scrolls/browse/ HTTP/1.1" 200 688
[21/May/2023 10:36:15] "GET /scrolls/browse HTTP/1.1" 301 0
[21/May/2023 10:36:16] "GET /scrolls/browse/ HTTP/1.1" 200 685
[21/May/2023 10:36:26] "POST /scrolls/auto-recording/upload HTTP/1.1" 200 87
[2023-05-21 10:36:26,392: INFO/MainProcess] Task main.tasks.remix_to_video[755786dc-76a2-42df-80ad-d2f6eac5da59] received
[2023-05-21 10:36:30,555: WARNING/ForkPoolWorker-2] /root/mockingJae2.0_back/media/auto_recordings/24/548771833.mp4
[2023-05-21 10:36:33,255: INFO/ForkPoolWorker-2] Task main.tasks.remix_to_video[755786dc-76a2-42df-80ad-d2f6eac5da59] succeeded in 6.862208953127265s: '548771833.mp4'
[21/May/2023 10:36:36] "POST /scrolls/auto-recording/upload HTTP/1.1" 200 87
[2023-05-21 10:36:36,895: INFO/MainProcess] Task main.tasks.remix_to_video[64cc3bb2-aebf-46bb-9bd4-34164551eeb8] received
[2023-05-21 10:36:41,117: WARNING/ForkPoolWorker-2] /root/mockingJae2.0_back/media/auto_recordings/26/508963556.mp4
[2023-05-21 10:36:42,744: INFO/ForkPoolWorker-2] Task main.tasks.remix_to_video[64cc3bb2-aebf-46bb-9bd4-34164551eeb8] succeeded in 5.84902023896575s: '508963556.mp4'
[21/May/2023 10:36:42] "POST /scrolls/auto-recording/upload HTTP/1.1" 200 87
[2023-05-21 10:36:42,824: INFO/MainProcess] Task main.tasks.remix_to_video[ce6523b9-a7fa-4b06-a668-962e4bc29cf3] received
[2023-05-21 10:36:47,147: WARNING/ForkPoolWorker-2] /root/mockingJae2.0_back/media/auto_recordings/23/947372005.mp4
[2023-05-21 10:36:47,758: INFO/MainProcess] Task main.tasks.remix_to_video[5d2bad77-358d-4df9-8b9c-1d40c33723d4] received
[21/May/2023 10:36:47] "POST /scrolls/auto-recording/upload HTTP/1.1" 200 87
[2023-05-21 10:36:48,650: INFO/ForkPoolWorker-2] Task main.tasks.remix_to_video[ce6523b9-a7fa-4b06-a668-962e4bc29cf3] succeeded in 5.825213473290205s: '947372005.mp4'
[21/May/2023 10:36:51] "GET /scrolls/browse HTTP/1.1" 301 0
[21/May/2023 10:36:51] "GET /scrolls/browse/ HTTP/1.1" 200 686
[2023-05-21 10:36:51,367: INFO/MainProcess] Task main.tasks.remix_to_video[0fc960b1-bb68-4740-8274-e90214a444e5] received
[21/May/2023 10:36:51] "POST /scrolls/auto-recording/upload HTTP/1.1" 200 87
[2023-05-21 10:36:51,677: WARNING/ForkPoolWorker-1] /root/mockingJae2.0_back/media/auto_recordings/24/643937966.mp4
[21/May/2023 10:36:52] "GET /scrolls/browse HTTP/1.1" 301 0
[21/May/2023 10:36:52] "GET /scrolls/browse/ HTTP/1.1" 200 694
[21/May/2023 10:36:52] "GET /scrolls/browse HTTP/1.1" 301 0
[21/May/2023 10:36:52] "GET /scrolls/browse/ HTTP/1.1" 200 688
[21/May/2023 10:36:53] "GET /scrolls/browse HTTP/1.1" 301 0
[2023-05-21 10:36:53,164: INFO/ForkPoolWorker-1] Task main.tasks.remix_to_video[5d2bad77-358d-4df9-8b9c-1d40c33723d4] succeeded in 5.40294998511672s: '643937966.mp4'
[21/May/2023 10:36:53] "GET /scrolls/browse/ HTTP/1.1" 200 690
[21/May/2023 10:36:53] "GET /scrolls/browse HTTP/1.1" 301 0
[21/May/2023 10:36:53] "GET /scrolls/browse/ HTTP/1.1" 200 684
[21/May/2023 10:36:54] "GET /scrolls/browse HTTP/1.1" 301 0
[21/May/2023 10:36:54] "GET /scrolls/browse/ HTTP/1.1" 200 686
[21/May/2023 10:36:54] "GET /scrolls/browse HTTP/1.1" 301 0
[21/May/2023 10:36:54] "GET /scrolls/browse/ HTTP/1.1" 200 686
[21/May/2023 10:36:55] "GET /scrolls/browse HTTP/1.1" 301 0
[2023-05-21 10:36:55,222: WARNING/ForkPoolWorker-2] /root/mockingJae2.0_back/media/auto_recordings/28/66685255.mp4
[21/May/2023 10:36:55] "GET /scrolls/browse/ HTTP/1.1" 200 687
[21/May/2023 10:36:55] "GET /scrolls/browse HTTP/1.1" 301 0
[21/May/2023 10:36:55] "GET /scrolls/browse/ HTTP/1.1" 200 686
[2023-05-21 10:36:56,098: INFO/ForkPoolWorker-2] Task main.tasks.remix_to_video[0fc960b1-bb68-4740-8274-e90214a444e5] succeeded in 4.728832181543112s: '66685255.mp4'
[21/May/2023 10:36:56] "GET /scrolls/browse HTTP/1.1" 301 0
[21/May/2023 10:36:56] "GET /scrolls/browse/ HTTP/1.1" 200 684
[2023-05-21 10:37:01,018: INFO/MainProcess] Task main.tasks.remix_to_video[b8527550-993c-4f7e-82f2-8dfa9adcbc7c] received
[21/May/2023 10:37:01] "POST /scrolls/auto-recording/upload HTTP/1.1" 200 87
[2023-05-21 10:37:05,534: WARNING/ForkPoolWorker-2] /root/mockingJae2.0_back/media/auto_recordings/27/777611038.mp4
[2023-05-21 10:37:08,454: INFO/ForkPoolWorker-2] Task main.tasks.remix_to_video[b8527550-993c-4f7e-82f2-8dfa9adcbc7c] succeeded in 7.435153583064675s: '777611038.mp4'
[2023-05-21 10:37:08,662: INFO/MainProcess] Task main.tasks.remix_to_video[f53b1bbd-a105-4ea4-b702-e3d1ad857809] received
[21/May/2023 10:37:08] "POST /scrolls/auto-recording/upload HTTP/1.1" 200 87
[2023-05-21 10:37:13,411: WARNING/ForkPoolWorker-2] /root/mockingJae2.0_back/media/auto_recordings/23/396815229.mp4
[2023-05-21 10:37:14,934: INFO/ForkPoolWorker-2] Task main.tasks.remix_to_video[f53b1bbd-a105-4ea4-b702-e3d1ad857809] succeeded in 6.270882032811642s: '396815229.mp4'
[21/May/2023 10:37:19] "POST /scrolls/auto-recording/upload HTTP/1.1" 200 87
[2023-05-21 10:37:19,763: INFO/MainProcess] Task main.tasks.remix_to_video[35c6b895-46e8-4778-b9f2-29e7e187d7a1] received
[2023-05-21 10:37:23,064: WARNING/ForkPoolWorker-2] /root/mockingJae2.0_back/media/auto_recordings/29/142159949.mp4
[2023-05-21 10:37:25,422: INFO/ForkPoolWorker-2] Task main.tasks.remix_to_video[35c6b895-46e8-4778-b9f2-29e7e187d7a1] succeeded in 5.65849151276052s: '142159949.mp4'
[21/May/2023 10:37:28] "POST /scrolls/auto-recording/upload HTTP/1.1" 200 87
[2023-05-21 10:37:28,115: INFO/MainProcess] Task main.tasks.remix_to_video[1e7da771-4185-41f1-bcdb-c4ae2c6f2ed6] received
[2023-05-21 10:37:31,680: WARNING/ForkPoolWorker-2] /root/mockingJae2.0_back/media/auto_recordings/25/824280539.mp4
[21/May/2023 10:37:33] "GET /scrolls/browse HTTP/1.1" 301 0
[2023-05-21 10:37:33,302: INFO/ForkPoolWorker-2] Task main.tasks.remix_to_video[1e7da771-4185-41f1-bcdb-c4ae2c6f2ed6] succeeded in 5.185990408062935s: '824280539.mp4'
[21/May/2023 10:37:33] "GET /scrolls/browse/ HTTP/1.1" 200 688
[21/May/2023 10:37:33] "GET /scrolls/browse HTTP/1.1" 301 0
[21/May/2023 10:37:33] "GET /scrolls/browse/ HTTP/1.1" 200 690
[21/May/2023 10:37:34] "GET /scrolls/browse HTTP/1.1" 301 0
[21/May/2023 10:37:34] "GET /scrolls/browse/ HTTP/1.1" 200 690
[21/May/2023 10:37:34] "GET /scrolls/browse HTTP/1.1" 301 0
[21/May/2023 10:37:34] "GET /scrolls/browse/ HTTP/1.1" 200 684
[21/May/2023 10:37:35] "GET /scrolls/browse HTTP/1.1" 301 0
[21/May/2023 10:37:35] "GET /scrolls/browse/ HTTP/1.1" 200 688
[21/May/2023 10:37:35] "GET /scrolls/browse HTTP/1.1" 301 0
[21/May/2023 10:37:35] "GET /scrolls/browse/ HTTP/1.1" 200 689
[21/May/2023 10:37:36] "GET /scrolls/browse HTTP/1.1" 301 0
[21/May/2023 10:37:36] "GET /scrolls/browse/ HTTP/1.1" 200 684
[21/May/2023 10:37:36] "GET /scrolls/browse HTTP/1.1" 301 0
[21/May/2023 10:37:36] "GET /scrolls/browse/ HTTP/1.1" 200 682
[21/May/2023 10:37:36] "GET /scrolls/browse HTTP/1.1" 301 0
[21/May/2023 10:37:37] "GET /scrolls/browse/ HTTP/1.1" 200 686
[21/May/2023 10:37:37] "GET /scrolls/browse HTTP/1.1" 301 0
[21/May/2023 10:37:37] "GET /scrolls/browse/ HTTP/1.1" 200 690
[21/May/2023 10:37:37] "GET /scrolls/browse HTTP/1.1" 301 0
[21/May/2023 10:37:37] "GET /scrolls/browse/ HTTP/1.1" 200 682
[21/May/2023 10:37:37] "GET /scrolls/browse HTTP/1.1" 301 0
[21/May/2023 10:37:37] "GET /scrolls/browse HTTP/1.1" 301 0
[21/May/2023 10:37:37] "GET /scrolls/browse/ HTTP/1.1" 200 684
[21/May/2023 10:37:38] "GET /scrolls/browse/ HTTP/1.1" 200 685
[21/May/2023 10:37:38] "GET /scrolls/browse HTTP/1.1" 301 0
[21/May/2023 10:37:38] "GET /scrolls/browse/ HTTP/1.1" 200 685
[21/May/2023 10:37:38] "GET /scrolls/browse HTTP/1.1" 301 0
[21/May/2023 10:37:38] "GET /scrolls/browse/ HTTP/1.1" 200 682
[21/May/2023 10:37:39] "GET /scrolls/browse HTTP/1.1" 301 0
[21/May/2023 10:37:39] "GET /scrolls/browse/ HTTP/1.1" 200 689
[21/May/2023 10:37:39] "GET /scrolls/browse HTTP/1.1" 301 0
[21/May/2023 10:37:39] "GET /scrolls/browse/ HTTP/1.1" 200 690
[21/May/2023 10:37:40] "GET /scrolls/browse HTTP/1.1" 301 0
[21/May/2023 10:37:40] "GET /scrolls/browse/ HTTP/1.1" 200 684
[21/May/2023 10:37:40] "GET /scrolls/browse HTTP/1.1" 301 0
[21/May/2023 10:37:40] "GET /scrolls/browse/ HTTP/1.1" 200 685
[21/May/2023 10:37:41] "GET /scrolls/browse HTTP/1.1" 301 0
[21/May/2023 10:37:41] "GET /scrolls/browse/ HTTP/1.1" 200 686
[2023-05-21 10:37:57,723: INFO/MainProcess] Task main.tasks.convert[6d4aff36-01ec-43b0-99de-5cb0c8968584] received
[21/May/2023 10:37:57] "POST /scrolls/upload/video HTTP/1.1" 200 50
[21/May/2023 10:37:58] "POST /scrolls/upload/task HTTP/1.1" 200 14
[2023-05-21 10:37:59,853: INFO/ForkPoolWorker-2] Task main.tasks.convert[6d4aff36-01ec-43b0-99de-5cb0c8968584] succeeded in 2.1294277105480433s: '37'
[21/May/2023 10:38:00] "POST /scrolls/upload/task HTTP/1.1" 200 14
[2023-05-21 10:38:00,315: INFO/MainProcess] Task main.tasks.scrollify[da7b6a84-a194-4e65-aefe-617007ac2315] received
[21/May/2023 10:38:00] "POST /scrolls/upload/scrollify HTTP/1.1" 200 115
[2023-05-21 10:38:00,591: INFO/ForkPoolWorker-2] Task main.tasks.scrollify[da7b6a84-a194-4e65-aefe-617007ac2315] succeeded in 0.2751107160001993s: '/root/mockingJae2.0_back/media/scrolls/20230521/391333016/'
[21/May/2023 10:38:01] "POST /scrolls/upload/task HTTP/1.1" 200 14
[21/May/2023 10:38:06] "POST /scrolls/upload/post HTTP/1.1" 200 244
[21/May/2023 10:38:17] "GET /scrolls/browse HTTP/1.1" 301 0
[21/May/2023 10:38:18] "GET /scrolls/browse/ HTTP/1.1" 200 687
[21/May/2023 10:38:18] "GET /scrolls/browse HTTP/1.1" 301 0
[21/May/2023 10:38:18] "GET /scrolls/browse/ HTTP/1.1" 200 692
[21/May/2023 10:38:19] "GET /scrolls/browse HTTP/1.1" 301 0
[21/May/2023 10:38:19] "GET /scrolls/browse/ HTTP/1.1" 200 688
[21/May/2023 10:38:19] "GET /scrolls/browse HTTP/1.1" 301 0
[21/May/2023 10:38:19] "GET /scrolls/browse/ HTTP/1.1" 200 686
[21/May/2023 10:38:20] "GET /scrolls/browse HTTP/1.1" 301 0
[21/May/2023 10:38:20] "GET /scrolls/browse/ HTTP/1.1" 200 684
[21/May/2023 10:38:20] "GET /scrolls/browse HTTP/1.1" 301 0
[21/May/2023 10:38:20] "GET /scrolls/browse/ HTTP/1.1" 200 686
[21/May/2023 10:38:21] "GET /scrolls/browse HTTP/1.1" 301 0
[21/May/2023 10:38:21] "GET /scrolls/browse/ HTTP/1.1" 200 682
[21/May/2023 10:38:21] "GET /scrolls/browse HTTP/1.1" 301 0
[21/May/2023 10:38:21] "GET /scrolls/browse/ HTTP/1.1" 200 688
[21/May/2023 10:38:22] "GET /scrolls/browse HTTP/1.1" 301 0
[21/May/2023 10:38:22] "GET /scrolls/browse/ HTTP/1.1" 200 690
[21/May/2023 10:38:22] "GET /scrolls/browse HTTP/1.1" 301 0
[21/May/2023 10:38:22] "GET /scrolls/browse/ HTTP/1.1" 200 692
[2023-05-21 10:38:28,786: INFO/MainProcess] Task main.tasks.remix_to_video[d4957160-d939-4d9a-9f0d-e9cf4dd61319] received
[21/May/2023 10:38:28] "POST /scrolls/auto-recording/upload HTTP/1.1" 200 87
[2023-05-21 10:38:31,623: WARNING/ForkPoolWorker-2] /root/mockingJae2.0_back/media/auto_recordings/29/591217658.mp4
[2023-05-21 10:38:32,428: INFO/ForkPoolWorker-2] Task main.tasks.remix_to_video[d4957160-d939-4d9a-9f0d-e9cf4dd61319] succeeded in 3.641179781407118s: '591217658.mp4'
[2023-05-21 10:38:35,123: INFO/MainProcess] Task main.tasks.remix_to_video[63f6246c-8c73-446b-bd38-b32074404c87] received
[21/May/2023 10:38:35] "POST /scrolls/auto-recording/upload HTTP/1.1" 200 87
[2023-05-21 10:38:38,702: WARNING/ForkPoolWorker-2] /root/mockingJae2.0_back/media/auto_recordings/30/432331337.mp4
[2023-05-21 10:38:40,802: INFO/ForkPoolWorker-2] Task main.tasks.remix_to_video[63f6246c-8c73-446b-bd38-b32074404c87] succeeded in 5.678150035440922s: '432331337.mp4'
[2023-05-21 10:38:46,793: INFO/MainProcess] Task main.tasks.remix_to_video[15d369d1-82a7-4059-b58e-5a177c7d59ee] received
[21/May/2023 10:38:46] "POST /scrolls/auto-recording/upload HTTP/1.1" 200 87
[2023-05-21 10:38:49,551: WARNING/ForkPoolWorker-2] /root/mockingJae2.0_back/media/auto_recordings/30/670049027.mp4
[2023-05-21 10:38:52,855: INFO/ForkPoolWorker-2] Task main.tasks.remix_to_video[15d369d1-82a7-4059-b58e-5a177c7d59ee] succeeded in 6.061263805255294s: '670049027.mp4'
[21/May/2023 10:38:57] "GET /scrolls/browse HTTP/1.1" 301 0
[2023-05-21 10:38:58,001: INFO/MainProcess] Task main.tasks.remix_to_video[5e977bf1-c0bc-4051-ac48-fd3bb402ee49] received
[21/May/2023 10:38:58] "POST /scrolls/auto-recording/upload HTTP/1.1" 200 87
[21/May/2023 10:38:58] "GET /scrolls/browse/ HTTP/1.1" 200 690
[21/May/2023 10:38:58] "GET /scrolls/browse HTTP/1.1" 301 0
[21/May/2023 10:38:58] "GET /scrolls/browse/ HTTP/1.1" 200 690
[21/May/2023 10:38:58] "GET /scrolls/browse HTTP/1.1" 301 0
[21/May/2023 10:38:59] "GET /scrolls/browse/ HTTP/1.1" 200 686
[21/May/2023 10:38:59] "GET /scrolls/browse HTTP/1.1" 301 0
[21/May/2023 10:38:59] "GET /scrolls/browse/ HTTP/1.1" 200 684
[21/May/2023 10:39:00] "GET /scrolls/browse HTTP/1.1" 301 0
[21/May/2023 10:39:00] "GET /scrolls/browse/ HTTP/1.1" 200 686
[21/May/2023 10:39:01] "GET /scrolls/browse HTTP/1.1" 301 0
[21/May/2023 10:39:01] "GET /scrolls/browse/ HTTP/1.1" 200 689
[21/May/2023 10:39:01] "GET /scrolls/browse HTTP/1.1" 301 0
[21/May/2023 10:39:01] "GET /scrolls/browse/ HTTP/1.1" 200 686
[21/May/2023 10:39:02] "GET /scrolls/browse HTTP/1.1" 301 0
[2023-05-21 10:39:02,148: WARNING/ForkPoolWorker-2] /root/mockingJae2.0_back/media/auto_recordings/26/651859670.mp4
[21/May/2023 10:39:02] "GET /scrolls/browse/ HTTP/1.1" 200 692
[21/May/2023 10:39:02] "GET /scrolls/browse HTTP/1.1" 301 0
[21/May/2023 10:39:02] "GET /scrolls/browse/ HTTP/1.1" 200 686
[21/May/2023 10:39:03] "GET /scrolls/browse HTTP/1.1" 301 0
[2023-05-21 10:39:03,176: INFO/ForkPoolWorker-2] Task main.tasks.remix_to_video[5e977bf1-c0bc-4051-ac48-fd3bb402ee49] succeeded in 5.174567377194762s: '651859670.mp4'
[21/May/2023 10:39:03] "GET /scrolls/browse/ HTTP/1.1" 200 686
[21/May/2023 10:41:32] "POST /scrolls/auto-recording/upload HTTP/1.1" 200 87
[2023-05-21 10:41:32,357: INFO/MainProcess] Task main.tasks.remix_to_video[8321dbf6-0366-4324-a25a-4e78d466e3ab] received
[2023-05-21 10:41:37,174: WARNING/ForkPoolWorker-2] /root/mockingJae2.0_back/media/auto_recordings/26/810390453.mp4
[2023-05-21 10:41:39,418: INFO/ForkPoolWorker-2] Task main.tasks.remix_to_video[8321dbf6-0366-4324-a25a-4e78d466e3ab] succeeded in 7.060389311984181s: '810390453.mp4'
[2023-05-21 10:41:48,426: INFO/MainProcess] Task main.tasks.remix_to_video[7780b48b-7a71-4750-9ee6-7f87d1688b93] received
[21/May/2023 10:41:48] "POST /scrolls/auto-recording/upload HTTP/1.1" 200 87
[2023-05-21 10:41:51,163: WARNING/ForkPoolWorker-2] /root/mockingJae2.0_back/media/auto_recordings/30/285271498.mp4
[21/May/2023 10:41:52] "POST /scrolls/auto-recording/upload HTTP/1.1" 200 87
[2023-05-21 10:41:52,107: INFO/MainProcess] Task main.tasks.remix_to_video[764a14f2-6cf6-4504-bfee-19169f214df2] received
[2023-05-21 10:41:54,464: ERROR/ForkPoolWorker-1] Task main.tasks.remix_to_video[764a14f2-6cf6-4504-bfee-19169f214df2] raised unexpected: FileNotFoundError(2, 'No such file or directory')
Traceback (most recent call last):
  File "/root/anaconda3/envs/mockingJae/lib/python3.10/site-packages/celery/app/trace.py", line 451, in trace_task
    R = retval = fun(*args, **kwargs)
  File "/root/anaconda3/envs/mockingJae/lib/python3.10/site-packages/celery/app/trace.py", line 734, in __protected_call__
    return self.run(*args, **kwargs)
  File "/root/mockingJae2.0_back/main/tasks.py", line 85, in remix_to_video
    files = download_files_from_s3(settings.s3_client, os.environ.get('AWS_STORAGE_BUCKET_NAME'), scrolls_dir, settings.TEMP_ROOT)
  File "/root/mockingJae2.0_back/mockingJae_back/storages.py", line 33, in download_files_from_s3
    client.download_file(bucket_name, file_path, local_file)
  File "/root/anaconda3/envs/mockingJae/lib/python3.10/site-packages/boto3/s3/inject.py", line 190, in download_file
    return transfer.download_file(
  File "/root/anaconda3/envs/mockingJae/lib/python3.10/site-packages/boto3/s3/transfer.py", line 326, in download_file
    future.result()
  File "/root/anaconda3/envs/mockingJae/lib/python3.10/site-packages/s3transfer/futures.py", line 103, in result
    return self._coordinator.result()
  File "/root/anaconda3/envs/mockingJae/lib/python3.10/site-packages/s3transfer/futures.py", line 266, in result
    raise self._exception
  File "/root/anaconda3/envs/mockingJae/lib/python3.10/site-packages/s3transfer/tasks.py", line 139, in __call__
    return self._execute_main(kwargs)
  File "/root/anaconda3/envs/mockingJae/lib/python3.10/site-packages/s3transfer/tasks.py", line 162, in _execute_main
    return_value = self._main(**kwargs)
  File "/root/anaconda3/envs/mockingJae/lib/python3.10/site-packages/s3transfer/download.py", line 642, in _main
    fileobj.seek(offset)
  File "/root/anaconda3/envs/mockingJae/lib/python3.10/site-packages/s3transfer/utils.py", line 378, in seek
    self._open_if_needed()
  File "/root/anaconda3/envs/mockingJae/lib/python3.10/site-packages/s3transfer/utils.py", line 361, in _open_if_needed
    self._fileobj = self._open_function(self._filename, self._mode)
  File "/root/anaconda3/envs/mockingJae/lib/python3.10/site-packages/s3transfer/utils.py", line 272, in open
    return open(filename, mode)
FileNotFoundError: [Errno 2] No such file or directory: '/root/mockingJae2.0_back/temp/raw-scrolls/391333016/59.jpeg.BF45437a'
[2023-05-21 10:41:54,682: INFO/ForkPoolWorker-2] Task main.tasks.remix_to_video[7780b48b-7a71-4750-9ee6-7f87d1688b93] succeeded in 6.25492344237864s: '285271498.mp4'
[2023-05-21 10:41:56,897: INFO/MainProcess] Task main.tasks.remix_to_video[264cedad-ec9c-418d-9680-4ea656721aee] received
[21/May/2023 10:41:56] "POST /scrolls/auto-recording/upload HTTP/1.1" 200 87
[21/May/2023 10:41:59] "POST /scrolls/auto-recording/upload HTTP/1.1" 200 87
[2023-05-21 10:41:59,853: INFO/MainProcess] Task main.tasks.remix_to_video[5417c5ca-674b-4b4b-8745-eae942014545] received
[2023-05-21 10:42:01,325: WARNING/ForkPoolWorker-2] /root/mockingJae2.0_back/media/auto_recordings/25/1000010399.mp4
[2023-05-21 10:42:02,562: ERROR/ForkPoolWorker-1] Task main.tasks.remix_to_video[5417c5ca-674b-4b4b-8745-eae942014545] raised unexpected: FileNotFoundError(2, 'No such file or directory')
Traceback (most recent call last):
  File "/root/anaconda3/envs/mockingJae/lib/python3.10/site-packages/celery/app/trace.py", line 451, in trace_task
    R = retval = fun(*args, **kwargs)
  File "/root/anaconda3/envs/mockingJae/lib/python3.10/site-packages/celery/app/trace.py", line 734, in __protected_call__
    return self.run(*args, **kwargs)
  File "/root/mockingJae2.0_back/main/tasks.py", line 85, in remix_to_video
    files = download_files_from_s3(settings.s3_client, os.environ.get('AWS_STORAGE_BUCKET_NAME'), scrolls_dir, settings.TEMP_ROOT)
  File "/root/mockingJae2.0_back/mockingJae_back/storages.py", line 33, in download_files_from_s3
    client.download_file(bucket_name, file_path, local_file)
  File "/root/anaconda3/envs/mockingJae/lib/python3.10/site-packages/boto3/s3/inject.py", line 190, in download_file
    return transfer.download_file(
  File "/root/anaconda3/envs/mockingJae/lib/python3.10/site-packages/boto3/s3/transfer.py", line 326, in download_file
    future.result()
  File "/root/anaconda3/envs/mockingJae/lib/python3.10/site-packages/s3transfer/futures.py", line 103, in result
    return self._coordinator.result()
  File "/root/anaconda3/envs/mockingJae/lib/python3.10/site-packages/s3transfer/futures.py", line 266, in result
    raise self._exception
  File "/root/anaconda3/envs/mockingJae/lib/python3.10/site-packages/s3transfer/tasks.py", line 139, in __call__
    return self._execute_main(kwargs)
  File "/root/anaconda3/envs/mockingJae/lib/python3.10/site-packages/s3transfer/tasks.py", line 162, in _execute_main
    return_value = self._main(**kwargs)
  File "/root/anaconda3/envs/mockingJae/lib/python3.10/site-packages/s3transfer/download.py", line 642, in _main
    fileobj.seek(offset)
  File "/root/anaconda3/envs/mockingJae/lib/python3.10/site-packages/s3transfer/utils.py", line 378, in seek
    self._open_if_needed()
  File "/root/anaconda3/envs/mockingJae/lib/python3.10/site-packages/s3transfer/utils.py", line 361, in _open_if_needed
    self._fileobj = self._open_function(self._filename, self._mode)
  File "/root/anaconda3/envs/mockingJae/lib/python3.10/site-packages/s3transfer/utils.py", line 272, in open
    return open(filename, mode)
FileNotFoundError: [Errno 2] No such file or directory: '/root/mockingJae2.0_back/temp/raw-scrolls/221223456/7.jpeg.DA573CDF'
[2023-05-21 10:42:02,800: INFO/ForkPoolWorker-2] Task main.tasks.remix_to_video[264cedad-ec9c-418d-9680-4ea656721aee] succeeded in 5.902258537709713s: '1000010399.mp4'
[21/May/2023 10:42:05] "POST /scrolls/auto-recording/upload HTTP/1.1" 200 87
[2023-05-21 10:42:05,841: INFO/MainProcess] Task main.tasks.remix_to_video[a632b3b1-3bac-4467-8251-7e63fa5647fc] received
[2023-05-21 10:42:10,363: WARNING/ForkPoolWorker-2] /root/mockingJae2.0_back/media/auto_recordings/23/238356583.mp4
[2023-05-21 10:42:11,237: INFO/ForkPoolWorker-2] Task main.tasks.remix_to_video[a632b3b1-3bac-4467-8251-7e63fa5647fc] succeeded in 5.395105365663767s: '238356583.mp4'
[21/May/2023 10:42:14] "POST /scrolls/auto-recording/upload HTTP/1.1" 200 87
[2023-05-21 10:42:14,383: INFO/MainProcess] Task main.tasks.remix_to_video[184133cb-7265-4884-ae73-5e61a9f65b26] received
[21/May/2023 10:42:18] "POST /scrolls/auto-recording/upload HTTP/1.1" 200 87
[2023-05-21 10:42:18,517: INFO/MainProcess] Task main.tasks.remix_to_video[2d1ead46-3bcb-441e-ba4b-b3e23d31eec1] received
[2023-05-21 10:42:18,659: WARNING/ForkPoolWorker-2] /root/mockingJae2.0_back/media/auto_recordings/26/90048750.mp4
[2023-05-21 10:42:20,317: INFO/ForkPoolWorker-2] Task main.tasks.remix_to_video[184133cb-7265-4884-ae73-5e61a9f65b26] succeeded in 5.932948313653469s: '90048750.mp4'
/root/anaconda3/envs/mockingJae/lib/python3.10/site-packages/rest_framework/pagination.py:200: UnorderedObjectListWarning: Pagination may yield inconsistent results with an unordered object_list: <class 'main.Models.RemixModel.Remix'> QuerySet.
  paginator = self.django_paginator_class(queryset, page_size)
[21/May/2023 10:42:20] "GET /scrolls/auto-recording/browse?id=29&recent=true&page=1 HTTP/1.1" 200 3043
[2023-05-21 10:42:22,989: WARNING/ForkPoolWorker-1] /root/mockingJae2.0_back/media/auto_recordings/23/792801827.mp4
[2023-05-21 10:42:23,963: INFO/ForkPoolWorker-1] Task main.tasks.remix_to_video[2d1ead46-3bcb-441e-ba4b-b3e23d31eec1] succeeded in 5.445060808211565s: '792801827.mp4'
[21/May/2023 10:48:45] "POST /scrolls/auth/login/token HTTP/1.1" 200 237
[21/May/2023 10:48:45] "GET /scrolls/browse HTTP/1.1" 301 0
[21/May/2023 10:48:45] "GET /scrolls/browse/ HTTP/1.1" 200 682
[21/May/2023 10:48:46] "GET /scrolls/browse HTTP/1.1" 301 0
[21/May/2023 10:48:46] "GET /scrolls/browse/ HTTP/1.1" 200 690
[21/May/2023 10:48:46] "GET /scrolls/browse HTTP/1.1" 301 0
[21/May/2023 10:48:46] "GET /scrolls/browse/ HTTP/1.1" 200 688
[21/May/2023 10:48:46] "GET /scrolls/browse HTTP/1.1" 301 0
[21/May/2023 10:48:47] "GET /scrolls/browse/ HTTP/1.1" 200 684
[21/May/2023 10:48:47] "GET /scrolls/browse HTTP/1.1" 301 0
[21/May/2023 10:48:47] "GET /scrolls/browse/ HTTP/1.1" 200 686
[21/May/2023 10:48:48] "GET /scrolls/browse HTTP/1.1" 301 0
[21/May/2023 10:48:48] "GET /scrolls/browse/ HTTP/1.1" 200 684
[21/May/2023 10:48:48] "GET /scrolls/browse HTTP/1.1" 301 0
[21/May/2023 10:48:48] "GET /scrolls/browse/ HTTP/1.1" 200 690
[21/May/2023 10:48:49] "GET /scrolls/browse HTTP/1.1" 301 0
[21/May/2023 10:48:49] "GET /scrolls/browse/ HTTP/1.1" 200 685
[21/May/2023 10:48:49] "GET /scrolls/browse HTTP/1.1" 301 0
[21/May/2023 10:48:49] "GET /scrolls/browse/ HTTP/1.1" 200 686
[21/May/2023 10:48:50] "GET /scrolls/browse HTTP/1.1" 301 0
[21/May/2023 10:48:50] "GET /scrolls/browse/ HTTP/1.1" 200 686
[2023-05-21 10:49:08,094: INFO/MainProcess] Task main.tasks.remix_to_video[0190516c-b8da-41e5-b6bc-ae1f293cf8b4] received
[21/May/2023 10:49:08] "POST /scrolls/auto-recording/upload HTTP/1.1" 200 87
[2023-05-21 10:49:11,238: INFO/MainProcess] Task main.tasks.remix_to_video[ed8d715a-1675-4ec3-86ce-1a59259837b3] received
[21/May/2023 10:49:11] "POST /scrolls/auto-recording/upload HTTP/1.1" 200 87
[2023-05-21 10:49:12,648: WARNING/ForkPoolWorker-2] /root/mockingJae2.0_back/media/auto_recordings/27/732961498.mp4
[21/May/2023 10:49:14] "POST /scrolls/auto-recording/upload HTTP/1.1" 200 87
[2023-05-21 10:49:14,235: INFO/MainProcess] Task main.tasks.remix_to_video[325f6839-7ee2-430b-8806-cb876529f86f] received
[2023-05-21 10:49:16,454: WARNING/ForkPoolWorker-1] /root/mockingJae2.0_back/media/auto_recordings/24/527425996.mp4
[2023-05-21 10:49:18,464: INFO/ForkPoolWorker-2] Task main.tasks.remix_to_video[0190516c-b8da-41e5-b6bc-ae1f293cf8b4] succeeded in 10.369541073217988s: '732961498.mp4'
[2023-05-21 10:49:18,495: INFO/ForkPoolWorker-1] Task main.tasks.remix_to_video[ed8d715a-1675-4ec3-86ce-1a59259837b3] succeeded in 7.256445672363043s: '527425996.mp4'
[2023-05-21 10:49:22,020: WARNING/ForkPoolWorker-2] /root/mockingJae2.0_back/media/auto_recordings/24/375787810.mp4
[2023-05-21 10:49:23,030: INFO/ForkPoolWorker-2] Task main.tasks.remix_to_video[325f6839-7ee2-430b-8806-cb876529f86f] succeeded in 4.564077824354172s: '375787810.mp4'
[21/May/2023 10:49:25] "POST /scrolls/auto-recording/upload HTTP/1.1" 200 87
[2023-05-21 10:49:25,081: INFO/MainProcess] Task main.tasks.remix_to_video[8dde118a-46f8-49c1-8dee-ec0bf84a48fd] received
[21/May/2023 10:49:27] "POST /scrolls/auto-recording/upload HTTP/1.1" 200 87
[2023-05-21 10:49:27,620: INFO/MainProcess] Task main.tasks.remix_to_video[56cdb4b7-dbce-44af-9895-538faeb16cdb] received
[21/May/2023 10:49:27] "GET /scrolls/browse HTTP/1.1" 301 0
[21/May/2023 10:49:27] "GET /scrolls/browse/ HTTP/1.1" 200 688
[21/May/2023 10:49:28] "GET /scrolls/browse HTTP/1.1" 301 0
[21/May/2023 10:49:28] "GET /scrolls/browse/ HTTP/1.1" 200 684
[21/May/2023 10:49:28] "GET /scrolls/browse HTTP/1.1" 301 0
[21/May/2023 10:49:28] "GET /scrolls/browse/ HTTP/1.1" 200 688
[21/May/2023 10:49:29] "GET /scrolls/browse HTTP/1.1" 301 0
[2023-05-21 10:49:29,461: WARNING/ForkPoolWorker-2] /root/mockingJae2.0_back/media/auto_recordings/23/820430718.mp4
[21/May/2023 10:49:29] "GET /scrolls/browse/ HTTP/1.1" 200 690
[21/May/2023 10:49:29] "GET /scrolls/browse HTTP/1.1" 301 0
[21/May/2023 10:49:29] "GET /scrolls/browse/ HTTP/1.1" 200 684
[21/May/2023 10:49:30] "GET /scrolls/browse HTTP/1.1" 301 0
[21/May/2023 10:49:30] "GET /scrolls/browse/ HTTP/1.1" 200 684
[21/May/2023 10:49:30] "GET /scrolls/browse HTTP/1.1" 301 0
[21/May/2023 10:49:31] "GET /scrolls/browse/ HTTP/1.1" 200 684
[21/May/2023 10:49:31] "GET /scrolls/browse HTTP/1.1" 301 0
[21/May/2023 10:49:31] "GET /scrolls/browse/ HTTP/1.1" 200 685
[21/May/2023 10:49:31] "GET /scrolls/browse HTTP/1.1" 301 0
[21/May/2023 10:49:32] "GET /scrolls/browse HTTP/1.1" 301 0
[2023-05-21 10:49:32,070: INFO/MainProcess] Task main.tasks.remix_to_video[87b3a5ea-d277-42bf-9314-ad3bd518429d] received
[21/May/2023 10:49:32] "POST /scrolls/auto-recording/upload HTTP/1.1" 200 87
[21/May/2023 10:49:32] "GET /scrolls/browse/ HTTP/1.1" 200 684
[2023-05-21 10:49:32,168: INFO/ForkPoolWorker-2] Task main.tasks.remix_to_video[8dde118a-46f8-49c1-8dee-ec0bf84a48fd] succeeded in 7.086648672819138s: '820430718.mp4'
[21/May/2023 10:49:32] "GET /scrolls/browse/ HTTP/1.1" 200 684
[2023-05-21 10:49:32,365: WARNING/ForkPoolWorker-1] /root/mockingJae2.0_back/media/auto_recordings/26/211221405.mp4
[21/May/2023 10:49:32] "GET /scrolls/browse HTTP/1.1" 301 0
[21/May/2023 10:49:32] "GET /scrolls/browse HTTP/1.1" 301 0
[21/May/2023 10:49:32] "GET /scrolls/browse/ HTTP/1.1" 200 685
[21/May/2023 10:49:32] "GET /scrolls/browse/ HTTP/1.1" 200 682
[2023-05-21 10:49:32,984: ERROR/ForkPoolWorker-2] Task main.tasks.remix_to_video[87b3a5ea-d277-42bf-9314-ad3bd518429d] raised unexpected: FileNotFoundError(2, 'No such file or directory')
Traceback (most recent call last):
  File "/root/anaconda3/envs/mockingJae/lib/python3.10/site-packages/celery/app/trace.py", line 451, in trace_task
    R = retval = fun(*args, **kwargs)
  File "/root/anaconda3/envs/mockingJae/lib/python3.10/site-packages/celery/app/trace.py", line 734, in __protected_call__
    return self.run(*args, **kwargs)
  File "/root/mockingJae2.0_back/main/tasks.py", line 85, in remix_to_video
    files = download_files_from_s3(settings.s3_client, os.environ.get('AWS_STORAGE_BUCKET_NAME'), scrolls_dir, settings.TEMP_ROOT)
  File "/root/mockingJae2.0_back/mockingJae_back/storages.py", line 33, in download_files_from_s3
    client.download_file(bucket_name, file_path, local_file)
  File "/root/anaconda3/envs/mockingJae/lib/python3.10/site-packages/boto3/s3/inject.py", line 190, in download_file
    return transfer.download_file(
  File "/root/anaconda3/envs/mockingJae/lib/python3.10/site-packages/boto3/s3/transfer.py", line 326, in download_file
    future.result()
  File "/root/anaconda3/envs/mockingJae/lib/python3.10/site-packages/s3transfer/futures.py", line 103, in result
    return self._coordinator.result()
  File "/root/anaconda3/envs/mockingJae/lib/python3.10/site-packages/s3transfer/futures.py", line 266, in result
    raise self._exception
  File "/root/anaconda3/envs/mockingJae/lib/python3.10/site-packages/s3transfer/tasks.py", line 139, in __call__
    return self._execute_main(kwargs)
  File "/root/anaconda3/envs/mockingJae/lib/python3.10/site-packages/s3transfer/tasks.py", line 162, in _execute_main
    return_value = self._main(**kwargs)
  File "/root/anaconda3/envs/mockingJae/lib/python3.10/site-packages/s3transfer/download.py", line 642, in _main
    fileobj.seek(offset)
  File "/root/anaconda3/envs/mockingJae/lib/python3.10/site-packages/s3transfer/utils.py", line 378, in seek
    self._open_if_needed()
  File "/root/anaconda3/envs/mockingJae/lib/python3.10/site-packages/s3transfer/utils.py", line 361, in _open_if_needed
    self._fileobj = self._open_function(self._filename, self._mode)
  File "/root/anaconda3/envs/mockingJae/lib/python3.10/site-packages/s3transfer/utils.py", line 272, in open
    return open(filename, mode)
FileNotFoundError: [Errno 2] No such file or directory: '/root/mockingJae2.0_back/temp/raw-scrolls/416547671/27.jpeg.bb888a18'
[21/May/2023 10:49:33] "GET /scrolls/browse HTTP/1.1" 301 0
[2023-05-21 10:49:33,159: INFO/ForkPoolWorker-1] Task main.tasks.remix_to_video[56cdb4b7-dbce-44af-9895-538faeb16cdb] succeeded in 5.538327772170305s: '211221405.mp4'
[21/May/2023 10:49:33] "GET /scrolls/browse/ HTTP/1.1" 200 690
[21/May/2023 10:49:33] "GET /scrolls/browse HTTP/1.1" 301 0
[21/May/2023 10:49:33] "GET /scrolls/browse/ HTTP/1.1" 200 686
[21/May/2023 10:49:34] "GET /scrolls/browse HTTP/1.1" 301 0
[21/May/2023 10:49:34] "GET /scrolls/browse/ HTTP/1.1" 200 684
[21/May/2023 10:49:34] "GET /scrolls/browse HTTP/1.1" 301 0
[21/May/2023 10:49:34] "GET /scrolls/browse/ HTTP/1.1" 200 685
[21/May/2023 10:49:35] "GET /scrolls/browse HTTP/1.1" 301 0
[21/May/2023 10:49:35] "GET /scrolls/browse/ HTTP/1.1" 200 684
[21/May/2023 10:49:35] "GET /scrolls/browse HTTP/1.1" 301 0
[21/May/2023 10:49:35] "GET /scrolls/browse/ HTTP/1.1" 200 688
[2023-05-21 10:49:35,880: INFO/MainProcess] Task main.tasks.remix_to_video[5fa4d5bf-95ad-4b2f-b530-4dbe98c44f24] received
[21/May/2023 10:49:35] "POST /scrolls/auto-recording/upload HTTP/1.1" 200 87
[21/May/2023 10:49:36] "GET /scrolls/browse HTTP/1.1" 301 0
[21/May/2023 10:49:36] "GET /scrolls/browse/ HTTP/1.1" 200 684
[21/May/2023 10:49:36] "GET /scrolls/browse HTTP/1.1" 301 0
[21/May/2023 10:49:36] "GET /scrolls/browse/ HTTP/1.1" 200 686
[2023-05-21 10:49:39,787: WARNING/ForkPoolWorker-2] /root/mockingJae2.0_back/media/auto_recordings/25/577115521.mp4
[2023-05-21 10:49:41,509: INFO/ForkPoolWorker-2] Task main.tasks.remix_to_video[5fa4d5bf-95ad-4b2f-b530-4dbe98c44f24] succeeded in 5.628241216763854s: '577115521.mp4'
[2023-05-21 10:49:41,781: INFO/MainProcess] Task main.tasks.remix_to_video[75a297ae-e69f-4637-b5d5-2d3a39cb7fb3] received
[21/May/2023 10:49:41] "POST /scrolls/auto-recording/upload HTTP/1.1" 200 87
[2023-05-21 10:49:45,742: WARNING/ForkPoolWorker-2] /root/mockingJae2.0_back/media/auto_recordings/29/567880401.mp4
[2023-05-21 10:49:47,177: INFO/ForkPoolWorker-2] Task main.tasks.remix_to_video[75a297ae-e69f-4637-b5d5-2d3a39cb7fb3] succeeded in 5.395644001662731s: '567880401.mp4'
[21/May/2023 10:49:48] "POST /scrolls/auto-recording/upload HTTP/1.1" 200 87
[2023-05-21 10:49:48,265: INFO/MainProcess] Task main.tasks.remix_to_video[93a5c4fb-2c62-4610-8f27-621511e92ac2] received
[2023-05-21 10:49:51,584: WARNING/ForkPoolWorker-2] /root/mockingJae2.0_back/media/auto_recordings/23/106098888.mp4
[2023-05-21 10:49:53,237: INFO/ForkPoolWorker-2] Task main.tasks.remix_to_video[93a5c4fb-2c62-4610-8f27-621511e92ac2] succeeded in 4.971025563776493s: '106098888.mp4'
[21/May/2023 10:49:56] "POST /scrolls/auto-recording/upload HTTP/1.1" 200 87
[2023-05-21 10:49:56,698: INFO/MainProcess] Task main.tasks.remix_to_video[2854d01f-2441-4b9e-84c5-77a1c15eea15] received
[2023-05-21 10:49:59,320: WARNING/ForkPoolWorker-2] /root/mockingJae2.0_back/media/auto_recordings/23/893391930.mp4
[2023-05-21 10:50:00,828: INFO/ForkPoolWorker-2] Task main.tasks.remix_to_video[2854d01f-2441-4b9e-84c5-77a1c15eea15] succeeded in 4.129124013707042s: '893391930.mp4'
[2023-05-21 10:50:09,373: INFO/MainProcess] Task main.tasks.remix_to_video[3d502f67-6dbf-45d1-870e-d502ca1ad967] received
[21/May/2023 10:50:09] "POST /scrolls/auto-recording/upload HTTP/1.1" 200 87
[21/May/2023 10:50:13] "POST /scrolls/auto-recording/upload HTTP/1.1" 200 87
[2023-05-21 10:50:13,342: INFO/MainProcess] Task main.tasks.remix_to_video[5e636523-a9d9-4ce1-a97b-53a1e68e3575] received
[2023-05-21 10:50:13,818: WARNING/ForkPoolWorker-2] /root/mockingJae2.0_back/media/auto_recordings/27/972027474.mp4
[2023-05-21 10:50:16,278: INFO/ForkPoolWorker-2] Task main.tasks.remix_to_video[3d502f67-6dbf-45d1-870e-d502ca1ad967] succeeded in 6.903658628463745s: '972027474.mp4'
[2023-05-21 10:50:16,976: WARNING/ForkPoolWorker-1] /root/mockingJae2.0_back/media/auto_recordings/23/581883505.mp4
[2023-05-21 10:50:18,011: INFO/ForkPoolWorker-1] Task main.tasks.remix_to_video[5e636523-a9d9-4ce1-a97b-53a1e68e3575] succeeded in 4.667890349403024s: '581883505.mp4'
[21/May/2023 10:50:18] "POST /scrolls/auto-recording/upload HTTP/1.1" 200 87
[2023-05-21 10:50:18,799: INFO/MainProcess] Task main.tasks.remix_to_video[a4d6d852-f114-470f-a806-07aa120e4b0a] received
[2023-05-21 10:50:22,041: WARNING/ForkPoolWorker-2] /root/mockingJae2.0_back/media/auto_recordings/30/653234875.mp4
[2023-05-21 10:50:23,699: INFO/ForkPoolWorker-2] Task main.tasks.remix_to_video[a4d6d852-f114-470f-a806-07aa120e4b0a] succeeded in 4.898962344974279s: '653234875.mp4'
Bad Request: /scrolls/auto-recording/upload
[21/May/2023 10:50:43] "POST /scrolls/auto-recording/upload HTTP/1.1" 400 30
[2023-05-21 10:50:46,175: INFO/MainProcess] Task main.tasks.remix_to_video[a4793447-8255-404b-86c9-e3684e310e30] received
[21/May/2023 10:50:46] "POST /scrolls/auto-recording/upload HTTP/1.1" 200 87
[2023-05-21 10:50:50,380: WARNING/ForkPoolWorker-2] /root/mockingJae2.0_back/media/auto_recordings/27/292082891.mp4
[2023-05-21 10:50:51,718: INFO/ForkPoolWorker-2] Task main.tasks.remix_to_video[a4793447-8255-404b-86c9-e3684e310e30] succeeded in 5.542128289118409s: '292082891.mp4'
[2023-05-21 10:50:59,166: INFO/MainProcess] Task main.tasks.remix_to_video[98991e97-4e94-423a-8b32-b95589f0e40f] received
[21/May/2023 10:50:59] "POST /scrolls/auto-recording/upload HTTP/1.1" 200 87
[2023-05-21 10:51:02,722: WARNING/ForkPoolWorker-2] /root/mockingJae2.0_back/media/auto_recordings/24/634451180.mp4
[21/May/2023 10:51:04] "GET /scrolls/browse/user?id=1 HTTP/1.1" 200 5540
[21/May/2023 10:51:04] "GET /scrolls/browse/user?id=1 HTTP/1.1" 200 5540
[21/May/2023 10:51:04] "GET /scrolls/browse/user?id=1 HTTP/1.1" 200 5540
[2023-05-21 10:51:06,498: INFO/ForkPoolWorker-2] Task main.tasks.remix_to_video[98991e97-4e94-423a-8b32-b95589f0e40f] succeeded in 7.3309668600559235s: '634451180.mp4'
[21/May/2023 10:51:15] "GET /scrolls/auto-recording/browse?id=28&recent=true&page=1 HTTP/1.1" 200 4517
[21/May/2023 10:51:31] "GET /scrolls/auto-recording/browse?id=28&most-scrolled=true&page=1 HTTP/1.1" 200 4505
[21/May/2023 10:52:20] "POST /scrolls/auto-recording/upload HTTP/1.1" 200 87
[2023-05-21 10:52:20,715: INFO/MainProcess] Task main.tasks.remix_to_video[eeb27a14-d7f3-42c0-8d4e-369ad9757c0b] received
[2023-05-21 10:52:24,786: WARNING/ForkPoolWorker-2] /root/mockingJae2.0_back/media/auto_recordings/29/823747634.mp4
[2023-05-21 10:52:25,813: INFO/ForkPoolWorker-2] Task main.tasks.remix_to_video[eeb27a14-d7f3-42c0-8d4e-369ad9757c0b] succeeded in 5.096995720639825s: '823747634.mp4'
[21/May/2023 10:52:25] "GET /scrolls/auto-recording/browse?id=25&recent=true&page=1 HTTP/1.1" 200 7662
[21/May/2023 10:52:39] "POST /scrolls/auth/login/token HTTP/1.1" 200 237
[21/May/2023 10:52:40] "GET /scrolls/browse HTTP/1.1" 301 0
[21/May/2023 10:52:40] "GET /scrolls/browse/ HTTP/1.1" 200 694
[21/May/2023 10:52:40] "GET /scrolls/browse HTTP/1.1" 301 0
[21/May/2023 10:52:40] "GET /scrolls/browse/ HTTP/1.1" 200 690
[21/May/2023 10:52:41] "GET /scrolls/browse HTTP/1.1" 301 0
[21/May/2023 10:52:41] "GET /scrolls/browse/ HTTP/1.1" 200 686
[21/May/2023 10:52:41] "GET /scrolls/browse HTTP/1.1" 301 0
[21/May/2023 10:52:41] "GET /scrolls/browse/ HTTP/1.1" 200 692
[21/May/2023 10:52:42] "GET /scrolls/browse HTTP/1.1" 301 0
[21/May/2023 10:52:42] "GET /scrolls/browse/ HTTP/1.1" 200 688
[21/May/2023 10:52:42] "GET /scrolls/browse HTTP/1.1" 301 0
[21/May/2023 10:52:42] "GET /scrolls/browse/ HTTP/1.1" 200 688
[21/May/2023 10:52:43] "GET /scrolls/browse HTTP/1.1" 301 0
[21/May/2023 10:52:43] "GET /scrolls/browse/ HTTP/1.1" 200 685
[21/May/2023 10:52:43] "GET /scrolls/browse HTTP/1.1" 301 0
[21/May/2023 10:52:43] "GET /scrolls/browse/ HTTP/1.1" 200 685
[21/May/2023 10:52:44] "GET /scrolls/browse HTTP/1.1" 301 0
[21/May/2023 10:52:44] "GET /scrolls/browse/ HTTP/1.1" 200 682
[21/May/2023 10:52:44] "GET /scrolls/browse HTTP/1.1" 301 0
[21/May/2023 10:52:45] "GET /scrolls/browse/ HTTP/1.1" 200 687
[21/May/2023 10:52:52] "POST /scrolls/auto-recording/upload HTTP/1.1" 200 87
[2023-05-21 10:52:52,373: INFO/MainProcess] Task main.tasks.remix_to_video[9f6cb94b-c357-449a-83d9-8459cdfe01f0] received
[2023-05-21 10:52:55,654: WARNING/ForkPoolWorker-2] /root/mockingJae2.0_back/media/auto_recordings/30/605094356.mp4
[2023-05-21 10:52:57,233: INFO/ForkPoolWorker-2] Task main.tasks.remix_to_video[9f6cb94b-c357-449a-83d9-8459cdfe01f0] succeeded in 4.859021879732609s: '605094356.mp4'
[2023-05-21 10:53:00,602: INFO/MainProcess] Task main.tasks.remix_to_video[98d63f85-a49f-4520-960c-f58382cdce63] received
[21/May/2023 10:53:00] "POST /scrolls/auto-recording/upload HTTP/1.1" 200 87
[21/May/2023 10:53:03] "POST /scrolls/auto-recording/upload HTTP/1.1" 200 87
[2023-05-21 10:53:03,522: INFO/MainProcess] Task main.tasks.remix_to_video[01ea1be9-5cc4-43a5-bcf7-82b00472f74d] received
[21/May/2023 10:53:04] "GET /scrolls/browse HTTP/1.1" 301 0
[2023-05-21 10:53:04,795: WARNING/ForkPoolWorker-2] /root/mockingJae2.0_back/media/auto_recordings/25/1070052931.mp4
[21/May/2023 10:53:04] "GET /scrolls/browse/ HTTP/1.1" 200 690
[21/May/2023 10:53:05] "GET /scrolls/browse HTTP/1.1" 301 0
[21/May/2023 10:53:05] "GET /scrolls/browse/ HTTP/1.1" 200 684
[21/May/2023 10:53:05] "GET /scrolls/browse HTTP/1.1" 301 0
[21/May/2023 10:53:05] "GET /scrolls/browse/ HTTP/1.1" 200 682
[21/May/2023 10:53:06] "GET /scrolls/browse HTTP/1.1" 301 0
[21/May/2023 10:53:06] "GET /scrolls/browse/ HTTP/1.1" 200 686
[2023-05-21 10:53:06,515: INFO/ForkPoolWorker-2] Task main.tasks.remix_to_video[98d63f85-a49f-4520-960c-f58382cdce63] succeeded in 5.911605743691325s: '1070052931.mp4'
[21/May/2023 10:53:06] "GET /scrolls/browse HTTP/1.1" 301 0
[21/May/2023 10:53:07] "GET /scrolls/browse/ HTTP/1.1" 200 686
[21/May/2023 10:53:07] "GET /scrolls/browse HTTP/1.1" 301 0
[21/May/2023 10:53:07] "GET /scrolls/browse/ HTTP/1.1" 200 686
[21/May/2023 10:53:08] "GET /scrolls/browse HTTP/1.1" 301 0
[21/May/2023 10:53:08] "GET /scrolls/browse/ HTTP/1.1" 200 685
[2023-05-21 10:53:08,429: WARNING/ForkPoolWorker-1] /root/mockingJae2.0_back/media/auto_recordings/24/467514638.mp4
[21/May/2023 10:53:08] "GET /scrolls/browse HTTP/1.1" 301 0
[21/May/2023 10:53:08] "GET /scrolls/browse/ HTTP/1.1" 200 685
[21/May/2023 10:53:09] "GET /scrolls/browse HTTP/1.1" 301 0
[2023-05-21 10:53:09,447: INFO/ForkPoolWorker-1] Task main.tasks.remix_to_video[01ea1be9-5cc4-43a5-bcf7-82b00472f74d] succeeded in 5.9240423664450645s: '467514638.mp4'
[21/May/2023 10:57:35] "GET /admin/main/scrolls/ HTTP/1.1" 200 9979
[21/May/2023 10:57:35] "GET /admin/jsi18n/ HTTP/1.1" 200 3343
[21/May/2023 10:57:37] "GET /admin/main/scrolls/30/change/ HTTP/1.1" 200 21798
[21/May/2023 10:57:37] "GET /admin/jsi18n/ HTTP/1.1" 200 3343
[21/May/2023 10:57:42] "GET /admin/main/remix/ HTTP/1.1" 200 29250
[21/May/2023 10:57:42] "GET /admin/jsi18n/ HTTP/1.1" 200 3343
[21/May/2023 10:57:44] "GET /admin/main/remix/253/change/ HTTP/1.1" 200 25964
[21/May/2023 10:57:44] "GET /admin/jsi18n/ HTTP/1.1" 200 3343
[21/May/2023 10:57:57] "POST /scrolls/auth/login/token HTTP/1.1" 200 237
[21/May/2023 10:57:58] "GET /scrolls/browse HTTP/1.1" 301 0
[21/May/2023 10:57:58] "GET /scrolls/browse/ HTTP/1.1" 200 690
[21/May/2023 10:57:58] "GET /scrolls/browse HTTP/1.1" 301 0
[21/May/2023 10:57:59] "GET /scrolls/browse/ HTTP/1.1" 200 684
[21/May/2023 10:57:59] "GET /scrolls/browse HTTP/1.1" 301 0
[21/May/2023 10:57:59] "GET /scrolls/browse/ HTTP/1.1" 200 684
[21/May/2023 10:58:00] "GET /scrolls/browse HTTP/1.1" 301 0
[21/May/2023 10:58:00] "GET /scrolls/browse/ HTTP/1.1" 200 684
[21/May/2023 10:58:01] "GET /scrolls/browse HTTP/1.1" 301 0
[21/May/2023 10:58:01] "GET /scrolls/browse/ HTTP/1.1" 200 682
[21/May/2023 10:58:01] "GET /scrolls/browse HTTP/1.1" 301 0
[21/May/2023 10:58:02] "GET /scrolls/browse/ HTTP/1.1" 200 684
[21/May/2023 10:58:02] "GET /scrolls/browse HTTP/1.1" 301 0
[21/May/2023 10:58:02] "GET /scrolls/browse/ HTTP/1.1" 200 690
[21/May/2023 10:58:03] "GET /scrolls/browse HTTP/1.1" 301 0
[21/May/2023 10:58:03] "GET /scrolls/browse/ HTTP/1.1" 200 684
[21/May/2023 10:58:03] "GET /scrolls/browse HTTP/1.1" 301 0
[21/May/2023 10:58:03] "GET /scrolls/browse/ HTTP/1.1" 200 688
[21/May/2023 10:58:04] "GET /scrolls/browse HTTP/1.1" 301 0
[21/May/2023 10:58:04] "GET /scrolls/browse/ HTTP/1.1" 200 684
[21/May/2023 11:10:42] "POST /scrolls/auto-recording/upload HTTP/1.1" 200 87
[2023-05-21 11:10:42,548: INFO/MainProcess] Task main.tasks.remix_to_video[add483fb-a6ef-4a7f-9aff-91be8b8e24c1] received
[21/May/2023 11:10:46] "GET /scrolls/auto-recording/browse?id=27&recent=true&page=1 HTTP/1.1" 200 7480
[2023-05-21 11:10:47,408: WARNING/ForkPoolWorker-2] /root/mockingJae2.0_back/media/auto_recordings/25/490774656.mp4
[2023-05-21 11:10:49,783: INFO/ForkPoolWorker-2] Task main.tasks.remix_to_video[add483fb-a6ef-4a7f-9aff-91be8b8e24c1] succeeded in 7.234662240371108s: '490774656.mp4'
[21/May/2023 11:11:04] "GET /scrolls/auto-recording/browse?id=27&recent=true&page=1 HTTP/1.1" 200 7520
[21/May/2023 11:13:24] "POST /scrolls/auto-recording/upload HTTP/1.1" 200 87
[2023-05-21 11:13:24,691: INFO/MainProcess] Task main.tasks.remix_to_video[af358ce7-f0af-4dd4-815c-6f1b1c4cae01] received
[21/May/2023 11:13:26] "GET /scrolls/browse HTTP/1.1" 301 0
[21/May/2023 11:13:26] "GET /scrolls/browse/ HTTP/1.1" 200 690
[21/May/2023 11:13:27] "GET /scrolls/browse HTTP/1.1" 301 0
[21/May/2023 11:13:27] "GET /scrolls/browse/ HTTP/1.1" 200 684
[21/May/2023 11:13:27] "GET /scrolls/browse HTTP/1.1" 301 0
[21/May/2023 11:13:28] "GET /scrolls/browse/ HTTP/1.1" 200 688
[21/May/2023 11:13:28] "GET /scrolls/browse HTTP/1.1" 301 0
[21/May/2023 11:13:28] "GET /scrolls/browse/ HTTP/1.1" 200 686
[21/May/2023 11:13:29] "GET /scrolls/browse HTTP/1.1" 301 0
[2023-05-21 11:13:29,447: WARNING/ForkPoolWorker-2] /root/mockingJae2.0_back/media/auto_recordings/27/992293767.mp4
[21/May/2023 11:13:29] "GET /scrolls/browse/ HTTP/1.1" 200 688
[21/May/2023 11:13:30] "GET /scrolls/browse HTTP/1.1" 301 0
[21/May/2023 11:13:30] "GET /scrolls/browse/ HTTP/1.1" 200 682
[2023-05-21 11:13:30,596: INFO/ForkPoolWorker-2] Task main.tasks.remix_to_video[af358ce7-f0af-4dd4-815c-6f1b1c4cae01] succeeded in 5.9046311024576426s: '992293767.mp4'
[21/May/2023 11:13:30] "GET /scrolls/browse HTTP/1.1" 301 0
[21/May/2023 11:13:30] "GET /scrolls/browse/ HTTP/1.1" 200 682
[21/May/2023 11:13:31] "GET /scrolls/browse HTTP/1.1" 301 0
[21/May/2023 11:13:31] "GET /scrolls/browse/ HTTP/1.1" 200 694
[21/May/2023 11:13:31] "GET /scrolls/browse HTTP/1.1" 301 0
[21/May/2023 11:13:32] "GET /scrolls/browse/ HTTP/1.1" 200 688
[21/May/2023 11:13:32] "GET /scrolls/browse HTTP/1.1" 301 0
[21/May/2023 11:13:32] "GET /scrolls/browse/ HTTP/1.1" 200 692
[21/May/2023 11:13:45] "POST /scrolls/auto-recording/upload HTTP/1.1" 200 87
[2023-05-21 11:13:45,312: INFO/MainProcess] Task main.tasks.remix_to_video[e2922f21-8c3b-4bc3-921e-4cdcf4052402] received
[2023-05-21 11:13:49,917: WARNING/ForkPoolWorker-2] /root/mockingJae2.0_back/media/auto_recordings/24/837568334.mp4
[2023-05-21 11:13:50,989: INFO/ForkPoolWorker-2] Task main.tasks.remix_to_video[e2922f21-8c3b-4bc3-921e-4cdcf4052402] succeeded in 5.676726747304201s: '837568334.mp4'
[2023-05-21 11:14:45,046: INFO/MainProcess] Task main.tasks.remix_to_video[38a841bf-d7a4-44c7-a71d-c49e28007365] received
[21/May/2023 11:14:45] "POST /scrolls/auto-recording/upload HTTP/1.1" 200 87
[21/May/2023 11:14:45] "GET /scrolls/browse HTTP/1.1" 301 0
[21/May/2023 11:14:45] "GET /scrolls/browse/ HTTP/1.1" 200 686
[21/May/2023 11:14:46] "GET /scrolls/browse HTTP/1.1" 301 0
[21/May/2023 11:14:46] "GET /scrolls/browse/ HTTP/1.1" 200 686
[21/May/2023 11:14:47] "GET /scrolls/browse HTTP/1.1" 301 0
[21/May/2023 11:14:47] "GET /scrolls/browse/ HTTP/1.1" 200 685
[21/May/2023 11:14:47] "GET /scrolls/browse HTTP/1.1" 301 0
[21/May/2023 11:14:47] "GET /scrolls/browse/ HTTP/1.1" 200 682
[21/May/2023 11:14:48] "GET /scrolls/browse HTTP/1.1" 301 0
[21/May/2023 11:14:48] "GET /scrolls/browse/ HTTP/1.1" 200 684
[2023-05-21 11:14:48,817: WARNING/ForkPoolWorker-2] /root/mockingJae2.0_back/media/auto_recordings/28/725894885.mp4
[21/May/2023 11:14:49] "GET /scrolls/browse HTTP/1.1" 301 0
[21/May/2023 11:14:49] "GET /scrolls/browse/ HTTP/1.1" 200 686
[2023-05-21 11:14:49,483: INFO/ForkPoolWorker-2] Task main.tasks.remix_to_video[38a841bf-d7a4-44c7-a71d-c49e28007365] succeeded in 4.435950517654419s: '725894885.mp4'
[21/May/2023 11:14:49] "GET /scrolls/browse HTTP/1.1" 301 0
[21/May/2023 11:14:50] "GET /scrolls/browse/ HTTP/1.1" 200 686
[21/May/2023 11:14:50] "GET /scrolls/browse HTTP/1.1" 301 0
[21/May/2023 11:14:50] "GET /scrolls/browse/ HTTP/1.1" 200 685
[21/May/2023 11:14:51] "GET /scrolls/browse HTTP/1.1" 301 0
[21/May/2023 11:14:51] "GET /scrolls/browse/ HTTP/1.1" 200 689
[21/May/2023 11:14:52] "GET /scrolls/browse HTTP/1.1" 301 0
[21/May/2023 11:14:52] "GET /scrolls/browse/ HTTP/1.1" 200 690
[2023-05-21 11:15:05,307: INFO/MainProcess] Task main.tasks.remix_to_video[c066ac75-274a-4084-8e18-b80df3eae8c2] received
[21/May/2023 11:15:05] "POST /scrolls/auto-recording/upload HTTP/1.1" 200 87
[21/May/2023 11:15:08] "POST /scrolls/auto-recording/upload HTTP/1.1" 200 87
[2023-05-21 11:15:08,099: INFO/MainProcess] Task main.tasks.remix_to_video[bc7a5855-6576-4051-a7ea-e76f31b6d9a9] received
[2023-05-21 11:15:10,366: WARNING/ForkPoolWorker-2] /root/mockingJae2.0_back/media/auto_recordings/23/207928005.mp4
[21/May/2023 11:15:12] "POST /scrolls/auto-recording/upload HTTP/1.1" 200 87
[2023-05-21 11:15:12,492: INFO/MainProcess] Task main.tasks.remix_to_video[eec06b28-6d12-450b-bf69-42792b166af0] received
[2023-05-21 11:15:12,562: INFO/ForkPoolWorker-2] Task main.tasks.remix_to_video[c066ac75-274a-4084-8e18-b80df3eae8c2] succeeded in 7.253587011247873s: '207928005.mp4'
[2023-05-21 11:15:13,259: WARNING/ForkPoolWorker-1] /root/mockingJae2.0_back/media/auto_recordings/29/923098269.mp4
[2023-05-21 11:15:13,992: INFO/ForkPoolWorker-1] Task main.tasks.remix_to_video[bc7a5855-6576-4051-a7ea-e76f31b6d9a9] succeeded in 5.892211543396115s: '923098269.mp4'
[2023-05-21 11:15:15,324: WARNING/ForkPoolWorker-2] /root/mockingJae2.0_back/media/auto_recordings/28/461336015.mp4
[2023-05-21 11:15:16,455: INFO/ForkPoolWorker-2] Task main.tasks.remix_to_video[eec06b28-6d12-450b-bf69-42792b166af0] succeeded in 3.8912869449704885s: '461336015.mp4'
[21/May/2023 11:15:22] "GET /scrolls/browse HTTP/1.1" 301 0
[21/May/2023 11:15:23] "GET /scrolls/browse/ HTTP/1.1" 200 685
[2023-05-21 11:15:23,351: INFO/MainProcess] Task main.tasks.remix_to_video[f00930cb-7b48-446d-b351-88d188e81643] received
[21/May/2023 11:15:23] "POST /scrolls/auto-recording/upload HTTP/1.1" 200 87
[21/May/2023 11:15:23] "GET /scrolls/browse HTTP/1.1" 301 0
[21/May/2023 11:15:23] "GET /scrolls/browse/ HTTP/1.1" 200 688
[21/May/2023 11:15:24] "GET /scrolls/browse HTTP/1.1" 301 0
[21/May/2023 11:15:24] "GET /scrolls/browse/ HTTP/1.1" 200 692
[21/May/2023 11:15:25] "GET /scrolls/browse HTTP/1.1" 301 0
[21/May/2023 11:15:25] "GET /scrolls/browse/ HTTP/1.1" 200 682
[21/May/2023 11:15:25] "GET /scrolls/browse HTTP/1.1" 301 0
[21/May/2023 11:15:25] "GET /scrolls/browse/ HTTP/1.1" 200 690
[21/May/2023 11:15:26] "GET /scrolls/browse HTTP/1.1" 301 0
[21/May/2023 11:15:26] "GET /scrolls/browse/ HTTP/1.1" 200 686
[2023-05-21 11:15:26,791: INFO/MainProcess] Task main.tasks.remix_to_video[5dd509e0-b933-4ae1-9649-86f5a6b5f37c] received
[21/May/2023 11:15:26] "POST /scrolls/auto-recording/upload HTTP/1.1" 200 87
[21/May/2023 11:15:27] "GET /scrolls/browse HTTP/1.1" 301 0
[21/May/2023 11:15:27] "GET /scrolls/browse/ HTTP/1.1" 200 690
[2023-05-21 11:15:27,583: WARNING/ForkPoolWorker-2] /root/mockingJae2.0_back/media/auto_recordings/24/181222203.mp4
[21/May/2023 11:15:28] "GET /scrolls/browse HTTP/1.1" 301 0
[21/May/2023 11:15:28] "GET /scrolls/browse/ HTTP/1.1" 200 690
[21/May/2023 11:15:28] "GET /scrolls/browse HTTP/1.1" 301 0
[21/May/2023 11:15:28] "GET /scrolls/browse/ HTTP/1.1" 200 688
[21/May/2023 11:15:29] "GET /scrolls/browse HTTP/1.1" 301 0
[21/May/2023 11:15:29] "GET /scrolls/browse/ HTTP/1.1" 200 690
[2023-05-21 11:15:30,244: INFO/ForkPoolWorker-2] Task main.tasks.remix_to_video[f00930cb-7b48-446d-b351-88d188e81643] succeeded in 6.892334491014481s: '181222203.mp4'
[21/May/2023 11:15:30] "GET /scrolls/auto-recording/browse?id=29&recent=true&page=1 HTTP/1.1" 200 5287
[2023-05-21 11:15:30,942: WARNING/ForkPoolWorker-1] /root/mockingJae2.0_back/media/auto_recordings/23/590583331.mp4
[2023-05-21 11:15:31,992: INFO/ForkPoolWorker-1] Task main.tasks.remix_to_video[5dd509e0-b933-4ae1-9649-86f5a6b5f37c] succeeded in 5.200937200337648s: '590583331.mp4'
[21/May/2023 11:15:49] "GET /scrolls/auto-recording/browse?id=29&most-scrolled=true&page=1 HTTP/1.1" 200 5287
[2023-05-21 11:16:23,715: INFO/MainProcess] Task main.tasks.remix_to_video[2814b3db-666d-4ddc-a53c-f3c8337bd9ff] received
[21/May/2023 11:16:23] "POST /scrolls/auto-recording/upload HTTP/1.1" 200 87
[2023-05-21 11:16:28,292: WARNING/ForkPoolWorker-2] /root/mockingJae2.0_back/media/auto_recordings/29/930114299.mp4
[2023-05-21 11:16:29,004: INFO/ForkPoolWorker-2] Task main.tasks.remix_to_video[2814b3db-666d-4ddc-a53c-f3c8337bd9ff] succeeded in 5.287947295233607s: '930114299.mp4'
[21/May/2023 11:17:08] "GET /scrolls/browse/user?id=1 HTTP/1.1" 200 5556
[21/May/2023 11:17:08] "GET /scrolls/browse/user?id=1 HTTP/1.1" 200 5556
[21/May/2023 11:17:08] "GET /scrolls/browse/user?id=1 HTTP/1.1" 200 5556
[21/May/2023 11:17:58] "GET /scrolls/browse HTTP/1.1" 301 0
[21/May/2023 11:17:58] "GET /scrolls/browse/ HTTP/1.1" 200 684
[21/May/2023 11:17:59] "GET /scrolls/browse HTTP/1.1" 301 0
[21/May/2023 11:17:59] "GET /scrolls/browse/ HTTP/1.1" 200 684
[21/May/2023 11:17:59] "GET /scrolls/browse HTTP/1.1" 301 0
[21/May/2023 11:18:00] "GET /scrolls/browse/ HTTP/1.1" 200 688
[21/May/2023 11:18:00] "GET /scrolls/browse HTTP/1.1" 301 0
[21/May/2023 11:18:01] "GET /scrolls/browse/ HTTP/1.1" 200 686
[21/May/2023 11:18:01] "GET /scrolls/browse HTTP/1.1" 301 0
[21/May/2023 11:18:01] "GET /scrolls/browse/ HTTP/1.1" 200 684
[21/May/2023 11:18:02] "GET /scrolls/browse HTTP/1.1" 301 0
[21/May/2023 11:18:02] "GET /scrolls/browse/ HTTP/1.1" 200 690
[21/May/2023 11:18:02] "GET /scrolls/browse HTTP/1.1" 301 0
[21/May/2023 11:18:02] "GET /scrolls/browse/ HTTP/1.1" 200 692
[21/May/2023 11:18:03] "GET /scrolls/browse HTTP/1.1" 301 0
[21/May/2023 11:18:03] "GET /scrolls/browse/ HTTP/1.1" 200 688
[21/May/2023 11:18:03] "GET /scrolls/browse HTTP/1.1" 301 0
[21/May/2023 11:18:03] "GET /scrolls/browse/ HTTP/1.1" 200 686
[21/May/2023 11:18:04] "GET /scrolls/browse HTTP/1.1" 301 0
[21/May/2023 11:18:04] "GET /scrolls/browse HTTP/1.1" 301 0
[21/May/2023 11:18:04] "GET /scrolls/browse/ HTTP/1.1" 200 686
[21/May/2023 11:18:04] "GET /scrolls/browse/ HTTP/1.1" 200 692
[21/May/2023 11:18:05] "GET /scrolls/browse HTTP/1.1" 301 0
[21/May/2023 11:18:05] "GET /scrolls/browse/ HTTP/1.1" 200 684
[21/May/2023 11:18:05] "GET /scrolls/browse HTTP/1.1" 301 0
[21/May/2023 11:18:05] "GET /scrolls/browse/ HTTP/1.1" 200 682
[21/May/2023 11:18:06] "GET /scrolls/browse HTTP/1.1" 301 0
[21/May/2023 11:18:06] "GET /scrolls/browse/ HTTP/1.1" 200 694
[21/May/2023 11:18:07] "GET /scrolls/browse HTTP/1.1" 301 0
[21/May/2023 11:18:07] "GET /scrolls/browse/ HTTP/1.1" 200 691
[21/May/2023 11:18:07] "GET /scrolls/browse HTTP/1.1" 301 0
[21/May/2023 11:18:07] "GET /scrolls/browse/ HTTP/1.1" 200 688
[21/May/2023 11:18:08] "GET /scrolls/browse HTTP/1.1" 301 0
[21/May/2023 11:18:08] "GET /scrolls/browse/ HTTP/1.1" 200 692
[21/May/2023 11:18:08] "GET /scrolls/browse HTTP/1.1" 301 0
[21/May/2023 11:18:09] "GET /scrolls/browse/ HTTP/1.1" 200 684
[21/May/2023 11:18:09] "GET /scrolls/browse HTTP/1.1" 301 0
[21/May/2023 11:18:09] "GET /scrolls/browse/ HTTP/1.1" 200 688
[21/May/2023 11:18:10] "GET /scrolls/browse HTTP/1.1" 301 0
[21/May/2023 11:18:10] "GET /scrolls/browse/ HTTP/1.1" 200 690
[21/May/2023 11:25:15] "GET /scrolls/browse HTTP/1.1" 301 0
[21/May/2023 11:25:15] "GET /scrolls/browse/ HTTP/1.1" 200 685
[21/May/2023 11:25:16] "GET /scrolls/browse HTTP/1.1" 301 0
[21/May/2023 11:25:16] "GET /scrolls/browse/ HTTP/1.1" 200 690
[21/May/2023 11:26:21] "GET /scrolls/browse HTTP/1.1" 301 0
[21/May/2023 11:26:21] "GET /scrolls/browse/ HTTP/1.1" 200 684
[21/May/2023 11:26:22] "GET /scrolls/browse HTTP/1.1" 301 0
[21/May/2023 11:26:22] "GET /scrolls/browse/ HTTP/1.1" 200 688
[21/May/2023 11:26:31] "GET /scrolls/browse HTTP/1.1" 301 0
[21/May/2023 11:26:31] "GET /scrolls/browse HTTP/1.1" 301 0
[21/May/2023 11:26:31] "GET /scrolls/browse HTTP/1.1" 301 0
[21/May/2023 11:26:31] "GET /scrolls/browse HTTP/1.1" 301 0
[21/May/2023 11:26:32] "GET /scrolls/browse/ HTTP/1.1" 200 684
[21/May/2023 11:26:32] "GET /scrolls/browse/ HTTP/1.1" 200 686
[21/May/2023 11:26:32] "GET /scrolls/browse/ HTTP/1.1" 200 686
[21/May/2023 11:26:32] "GET /scrolls/browse/ HTTP/1.1" 200 686
[21/May/2023 11:26:32] "GET /scrolls/browse HTTP/1.1" 301 0
[21/May/2023 11:26:32] "GET /scrolls/browse HTTP/1.1" 301 0
[21/May/2023 11:26:32] "GET /scrolls/browse HTTP/1.1" 301 0
[21/May/2023 11:26:32] "GET /scrolls/browse HTTP/1.1" 301 0
[21/May/2023 11:26:32] "GET /scrolls/browse HTTP/1.1" 301 0
[21/May/2023 11:26:32] "GET /scrolls/browse HTTP/1.1" 301 0
[21/May/2023 11:26:32] "GET /scrolls/browse/ HTTP/1.1" 200 684
[21/May/2023 11:26:32] "GET /scrolls/browse/ HTTP/1.1" 200 687
[21/May/2023 11:26:32] "GET /scrolls/browse/ HTTP/1.1" 200 688
[21/May/2023 11:26:32] "GET /scrolls/browse/ HTTP/1.1" 200 684
[21/May/2023 11:26:32] "GET /scrolls/browse HTTP/1.1" 301 0
[21/May/2023 11:26:32] "GET /scrolls/browse HTTP/1.1" 301 0
[21/May/2023 11:26:32] "GET /scrolls/browse HTTP/1.1" 301 0
[21/May/2023 11:26:32] "GET /scrolls/browse/ HTTP/1.1" 200 687
[21/May/2023 11:26:32] "GET /scrolls/browse/ HTTP/1.1" 200 684
[21/May/2023 11:26:32] "GET /scrolls/browse HTTP/1.1" 301 0
[21/May/2023 11:26:32] "GET /scrolls/browse HTTP/1.1" 301 0
[21/May/2023 11:26:32] "GET /scrolls/browse HTTP/1.1" 301 0
[21/May/2023 11:26:32] "GET /scrolls/browse HTTP/1.1" 301 0
[21/May/2023 11:26:33] "GET /scrolls/browse HTTP/1.1" 301 0
[21/May/2023 11:26:33] "GET /scrolls/browse HTTP/1.1" 301 0
[21/May/2023 11:26:33] "GET /scrolls/browse HTTP/1.1" 301 0
[21/May/2023 11:26:33] "GET /scrolls/browse/ HTTP/1.1" 200 692
[21/May/2023 11:26:33] "GET /scrolls/browse/ HTTP/1.1" 200 690
[21/May/2023 11:26:33] "GET /scrolls/browse/ HTTP/1.1" 200 694
[21/May/2023 11:26:33] "GET /scrolls/browse/ HTTP/1.1" 200 686
[21/May/2023 11:26:33] "GET /scrolls/browse/ HTTP/1.1" 200 688
[21/May/2023 11:26:33] "GET /scrolls/browse/ HTTP/1.1" 200 688
[21/May/2023 11:26:33] "GET /scrolls/browse/ HTTP/1.1" 200 694
[21/May/2023 11:26:33] "GET /scrolls/browse/ HTTP/1.1" 200 689
[21/May/2023 11:26:33] "GET /scrolls/browse/ HTTP/1.1" 200 688
[21/May/2023 11:26:33] "GET /scrolls/browse/ HTTP/1.1" 200 688
[21/May/2023 11:26:33] "GET /scrolls/browse HTTP/1.1" 301 0
[21/May/2023 11:26:33] "GET /scrolls/browse HTTP/1.1" 301 0
[21/May/2023 11:26:33] "GET /scrolls/browse HTTP/1.1" 301 0
[21/May/2023 11:26:33] "GET /scrolls/browse HTTP/1.1" 301 0
[21/May/2023 11:26:33] "GET /scrolls/browse HTTP/1.1" 301 0
[21/May/2023 11:26:33] "GET /scrolls/browse HTTP/1.1" 301 0
[21/May/2023 11:26:33] "GET /scrolls/browse HTTP/1.1" 301 0
[21/May/2023 11:26:33] "GET /scrolls/browse HTTP/1.1" 301 0
[21/May/2023 11:26:33] "GET /scrolls/browse HTTP/1.1" 301 0
[21/May/2023 11:26:33] "GET /scrolls/browse HTTP/1.1" 301 0
[21/May/2023 11:26:33] "GET /scrolls/browse HTTP/1.1" 301 0
[21/May/2023 11:26:33] "GET /scrolls/browse/ HTTP/1.1" 200 694
[21/May/2023 11:26:33] "GET /scrolls/browse/ HTTP/1.1" 200 692
[21/May/2023 11:26:33] "GET /scrolls/browse/ HTTP/1.1" 200 688
[21/May/2023 11:26:33] "GET /scrolls/browse/ HTTP/1.1" 200 688
[21/May/2023 11:26:33] "GET /scrolls/browse/ HTTP/1.1" 200 688
[21/May/2023 11:26:33] "GET /scrolls/browse HTTP/1.1" 301 0
[21/May/2023 11:26:33] "GET /scrolls/browse/ HTTP/1.1" 200 694
[21/May/2023 11:26:33] "GET /scrolls/browse/ HTTP/1.1" 200 688
[21/May/2023 11:26:33] "GET /scrolls/browse/ HTTP/1.1" 200 686
[21/May/2023 11:26:33] "GET /scrolls/browse/ HTTP/1.1" 200 688
[21/May/2023 11:26:33] "GET /scrolls/browse/ HTTP/1.1" 200 688
[21/May/2023 11:26:34] "GET /scrolls/browse/ HTTP/1.1" 200 685
[21/May/2023 11:26:34] "GET /scrolls/browse/ HTTP/1.1" 200 684
[21/May/2023 11:27:25] "GET /scrolls/browse HTTP/1.1" 301 0
[21/May/2023 11:27:25] "GET /scrolls/browse/ HTTP/1.1" 200 684
[21/May/2023 11:27:25] "GET /scrolls/browse HTTP/1.1" 301 0
[21/May/2023 11:27:26] "GET /scrolls/browse/ HTTP/1.1" 200 688
[21/May/2023 11:30:11] "POST /scrolls/auth/login/token HTTP/1.1" 200 237
[21/May/2023 11:30:12] "GET /scrolls/browse HTTP/1.1" 301 0
[21/May/2023 11:30:12] "GET /scrolls/browse/ HTTP/1.1" 200 684
[21/May/2023 11:30:13] "GET /scrolls/browse HTTP/1.1" 301 0
[21/May/2023 11:30:13] "GET /scrolls/browse/ HTTP/1.1" 200 686
[21/May/2023 11:30:14] "GET /scrolls/browse HTTP/1.1" 301 0
[21/May/2023 11:30:14] "GET /scrolls/browse/ HTTP/1.1" 200 688
[21/May/2023 11:30:15] "GET /scrolls/browse HTTP/1.1" 301 0
[21/May/2023 11:30:15] "GET /scrolls/browse/ HTTP/1.1" 200 689
[21/May/2023 11:30:15] "GET /scrolls/browse HTTP/1.1" 301 0
[21/May/2023 11:30:16] "GET /scrolls/browse/ HTTP/1.1" 200 684
[21/May/2023 11:30:16] "GET /scrolls/browse HTTP/1.1" 301 0
[21/May/2023 11:30:17] "GET /scrolls/browse/ HTTP/1.1" 200 686
[21/May/2023 11:30:17] "GET /scrolls/browse HTTP/1.1" 301 0
[21/May/2023 11:30:17] "GET /scrolls/browse/ HTTP/1.1" 200 692
[21/May/2023 11:30:18] "GET /scrolls/browse HTTP/1.1" 301 0
[21/May/2023 11:30:18] "GET /scrolls/browse/ HTTP/1.1" 200 692
[21/May/2023 11:30:18] "GET /scrolls/browse HTTP/1.1" 301 0
[21/May/2023 11:30:19] "GET /scrolls/browse/ HTTP/1.1" 200 688
[21/May/2023 11:30:19] "GET /scrolls/browse HTTP/1.1" 301 0
[21/May/2023 11:30:19] "GET /scrolls/browse/ HTTP/1.1" 200 682
[21/May/2023 12:00:27] "POST /scrolls/auth/login/token HTTP/1.1" 200 237
[21/May/2023 12:00:28] "GET /scrolls/browse HTTP/1.1" 301 0
[21/May/2023 12:00:28] "GET /scrolls/browse/ HTTP/1.1" 200 690
[21/May/2023 12:00:28] "GET /scrolls/browse HTTP/1.1" 301 0
[21/May/2023 12:00:28] "GET /scrolls/browse/ HTTP/1.1" 200 684
[21/May/2023 12:00:29] "GET /scrolls/browse HTTP/1.1" 301 0
[21/May/2023 12:00:29] "GET /scrolls/browse/ HTTP/1.1" 200 688
[21/May/2023 12:00:29] "GET /scrolls/browse HTTP/1.1" 301 0
[21/May/2023 12:00:29] "GET /scrolls/browse/ HTTP/1.1" 200 688
[21/May/2023 12:00:30] "GET /scrolls/browse HTTP/1.1" 301 0
[21/May/2023 12:00:30] "GET /scrolls/browse/ HTTP/1.1" 200 686
[21/May/2023 12:00:30] "GET /scrolls/browse HTTP/1.1" 301 0
[21/May/2023 12:00:30] "GET /scrolls/browse/ HTTP/1.1" 200 694
[21/May/2023 12:00:31] "GET /scrolls/browse HTTP/1.1" 301 0
[21/May/2023 12:00:31] "GET /scrolls/browse/ HTTP/1.1" 200 684
[21/May/2023 12:00:31] "GET /scrolls/browse HTTP/1.1" 301 0
[21/May/2023 12:00:31] "GET /scrolls/browse/ HTTP/1.1" 200 682
[21/May/2023 12:00:32] "GET /scrolls/browse HTTP/1.1" 301 0
[21/May/2023 12:00:32] "GET /scrolls/browse/ HTTP/1.1" 200 688
[21/May/2023 12:00:32] "GET /scrolls/browse HTTP/1.1" 301 0
[21/May/2023 12:00:32] "GET /scrolls/browse/ HTTP/1.1" 200 688
[2023-05-21 12:00:45,423: INFO/MainProcess] Task main.tasks.remix_to_video[46472418-e943-487a-9b7f-1a5417fd0922] received
[21/May/2023 12:00:45] "POST /scrolls/auto-recording/upload HTTP/1.1" 200 87
[21/May/2023 12:00:49] "POST /scrolls/auto-recording/upload HTTP/1.1" 200 87
[2023-05-21 12:00:49,711: INFO/MainProcess] Task main.tasks.remix_to_video[8f68a888-7362-4ee7-a1ac-524710005f45] received
[2023-05-21 12:00:50,304: WARNING/ForkPoolWorker-2] /root/mockingJae2.0_back/media/auto_recordings/25/425433849.mp4
[2023-05-21 12:00:53,253: WARNING/ForkPoolWorker-1] /root/mockingJae2.0_back/media/auto_recordings/25/529545527.mp4
[2023-05-21 12:00:54,017: INFO/ForkPoolWorker-2] Task main.tasks.remix_to_video[46472418-e943-487a-9b7f-1a5417fd0922] succeeded in 8.593447759747505s: '425433849.mp4'
[2023-05-21 12:00:54,242: ERROR/ForkPoolWorker-1] Task main.tasks.remix_to_video[8f68a888-7362-4ee7-a1ac-524710005f45] raised unexpected: FileNotFoundError(2, 'No such file or directory')
Traceback (most recent call last):
  File "/root/anaconda3/envs/mockingJae/lib/python3.10/site-packages/celery/app/trace.py", line 451, in trace_task
    R = retval = fun(*args, **kwargs)
  File "/root/anaconda3/envs/mockingJae/lib/python3.10/site-packages/celery/app/trace.py", line 734, in __protected_call__
    return self.run(*args, **kwargs)
  File "/root/mockingJae2.0_back/main/tasks.py", line 116, in remix_to_video
    shutil.rmtree(f'{settings.TEMP_ROOT}/{scrolls_dir}')
  File "/root/anaconda3/envs/mockingJae/lib/python3.10/shutil.py", line 714, in rmtree
    onerror(os.lstat, path, sys.exc_info())
  File "/root/anaconda3/envs/mockingJae/lib/python3.10/shutil.py", line 712, in rmtree
    orig_st = os.lstat(path)
FileNotFoundError: [Errno 2] No such file or directory: '/root/mockingJae2.0_back/temp/raw-scrolls/221223456/'

Restarting celery worker (/root/anaconda3/envs/mockingJae/bin/celery -A mockingJae_back worker -l INFO)
Python-dotenv could not parse statement starting at line 9
Python-dotenv could not parse statement starting at line 11
/root/anaconda3/envs/mockingJae/lib/python3.10/site-packages/celery/platforms.py:840: SecurityWarning: You're running the worker with superuser privileges: this is
absolutely not recommended!

Please specify a different user using the --uid option.

User information: uid=0 euid=0 gid=0 egid=0

  warnings.warn(SecurityWarning(ROOT_DISCOURAGED.format(
running ipfs add directly
 
 -------------- celery@mockingjae v5.2.7 (dawn-chorus)
--- ***** ----- 
-- ******* ---- Linux-5.4.0-99-generic-x86_64-with-glibc2.31 2023-05-21 12:32:03
- *** --- * --- 
- ** ---------- [config]
- ** ---------- .> app:         mockingJae_back:0x7f3fa92fd450
- ** ---------- .> transport:   redis://localhost:6379//
- ** ---------- .> results:     rpc://
- *** --- * --- .> concurrency: 2 (prefork)
-- ******* ---- .> task events: OFF (enable -E to monitor tasks in this worker)
--- ***** ----- 
 -------------- [queues]
                .> celery           exchange=celery(direct) key=celery
                

[tasks]
  . main.tasks.convert
  . main.tasks.remix_to_video
  . main.tasks.scrollify
  . main.tasks.upload_to_ipfs
  . main.tasks.upload_to_ipfs_as_a_directory

[2023-05-21 12:32:03,404: INFO/MainProcess] Connected to redis://localhost:6379//
[2023-05-21 12:32:03,407: INFO/MainProcess] mingle: searching for neighbors
[2023-05-21 12:32:04,415: INFO/MainProcess] mingle: all alone
[2023-05-21 12:32:04,429: WARNING/MainProcess] /root/anaconda3/envs/mockingJae/lib/python3.10/site-packages/celery/fixups/django.py:203: UserWarning: Using settings.DEBUG leads to a memory
            leak, never use this setting in production environments!
  warnings.warn('''Using settings.DEBUG leads to a memory

[2023-05-21 12:32:04,429: INFO/MainProcess] celery@mockingjae ready.
Not Found: /
[21/May/2023 13:02:08] "GET / HTTP/1.1" 404 2179
Not Found: /
[21/May/2023 13:03:23] "GET / HTTP/1.1" 404 2176
